0 0 0 S 2199023255470
0 0 0 L 2199021158202
0 0 0 S 2199021158193
0 0 0 L 2199021158208
0 0 0 S 2199021158247
0 0 0 S 2199021158250
0 0 0 S 2199021158248
0 0 0 S 2199021158257
0 0 0 S 2199021158249
0 0 0 L 2199021158203
0 0 0 L 2199021158204
0 0 0 S 2199021158251
0 0 0 L 2199021158205
0 0 0 S 2199021158253
0 0 0 S 2199021158252
0 0 0 L 2199021158206
0 0 0 S 2199021158254
0 0 0 L 2199021123170
0 0 0 L 2199021123171
0 0 0 S 2199021158198
0 0 0 S 2199021158199
0 0 0 L 2199021123172
0 0 0 L 2199021123173
0 0 0 L 2199021123174
0 0 0 S 2199021158200
0 0 0 L 2199021123153
0 0 0 L 2199021124927
0 0 0 S 2199021158207
0 0 0 L 2199021123175
0 0 0 L 2199021123152
0 0 0 L 2199021123154
0 0 0 L 2199021123158
0 0 0 L 2199021123159
0 0 0 L 2199021123176
0 0 0 L 2199021123155
0 0 0 L 2199021158259
0 0 0 S 2199023255468
0 0 0 L 2199021123146
0 0 0 S 2199021158260
0 0 0 S 2199021158201
0 0 0 S 2199021158246
0 0 0 L 2199023255471
0 0 0 S 2199021158194
0 0 0 S 2199021158276
0 0 0 L 2199023255472
0 0 0 S 2199021158196
0 0 0 S 2199023255467
0 0 0 S 2199023255466
0 0 0 L 2199021158195
0 0 0 L 2199021124962
0 0 0 L 2199023255473
0 0 0 L 2199021124961
0 0 0 L 2199021124960
0 0 0 L 2199023255474
0 0 0 L 2199023255475
0 0 0 L 2199023255476
0 0 0 L 2199023255477
0 0 0 S 2199021158275
0 0 0 L 2199023255478
0 0 0 L 2199021158197
0 0 0 L 2199021158274
0 0 0 S 2199023255465
0 0 0 S 2199023255459
0 0 0 S 2199021158270
0 0 0 S 2199023255460
0 0 0 S 2199021158269
0 0 0 S 2199023255461
0 0 0 S 2199023255458
0 0 0 L 2199023255482
0 0 0 L 2199023255483
0 0 0 L 2199023255484
0 0 0 L 2199023255485
0 0 0 L 2199021158191
0 0 0 S 2199023255457
0 0 0 S 2199023255456
0 0 0 L 2199021124992
0 0 0 S 2199021158278
0 0 0 S 2199021158288
0 0 0 S 2199021158300
0 0 0 S 2199021158299
0 0 0 S 2199021158277
0 0 0 L 2199021158290
0 0 0 S 2199021158292
0 0 0 S 2199021158289
0 0 0 S 2199021158295
0 0 0 S 2199021158296
0 0 0 S 2199021158297
0 0 0 S 2199021158298
0 0 0 S 2199021158291
0 0 0 L 2199021158209
0 0 0 L 2199021158245
0 0 0 L 1466015481857
0 0 0 L 1466015481858
0 0 0 S 2199021158272
0 0 0 L 1466015481859
0 0 0 L 1466015481860
0 0 0 L 1466015481861
0 0 0 L 1466015481862
0 0 0 L 1466015481863
0 0 0 L 1466015481864
0 0 0 L 2199021158294
0 0 0 L 2199021124979
0 0 0 L 2199021123166
0 0 0 S 2199021158271
0 0 0 L 1466015514807
0 0 0 S 2199021158280
0 0 0 L 1466015514808
0 0 0 S 2199021158281
0 0 0 S 2199021158282
0 0 0 L 1466015514809
0 0 0 S 2199021158279
0 0 0 L 1466015514810
0 0 0 L 1466015514811
0 0 0 L 1466015514812
0 0 0 S 2199021158283
0 0 0 L 1466015514813
0 0 0 S 2199021158284
0 0 0 L 1466015514814
0 0 0 S 2199021158293
0 0 0 L 1466015481869
0 0 0 S 2199021158311
0 0 0 S 2199021158301
0 0 0 S 2199021158318
0 0 0 L 2199021158312
0 0 0 S 2199021158315
0 0 0 S 2199021158314
0 0 0 S 2199021158313
0 0 0 L 2199021158016
0 0 0 S 2199021158310
0 0 0 L 2199021158017
0 0 0 L 2199021158018
0 0 0 L 2199021158019
0 0 0 L 2199021158031
0 0 0 S 2199021158302
0 0 0 S 2199021158303
0 0 0 L 2199021158032
0 0 0 L 2199021158033
0 0 0 S 2199021158305
0 0 0 L 2199021158034
0 0 0 S 2199021158304
0 0 0 S 2199021158307
0 0 0 S 2199021158192
0 0 0 L 2199021158021
0 0 0 L 2199021158029
0 0 0 S 2199021158317
0 0 0 S 2199023255450
0 0 0 S 2199023255449
0 0 0 L 2199021158036
0 0 0 L 2199021124967
0 0 0 S 2199023255455
0 0 0 S 2199023255454
0 0 0 S 2199021158319
0 0 0 L 2199021125011
0 0 0 L 2199021125012
0 0 0 S 2199021158320
0 0 0 S 2199021158321
0 0 0 L 2199021124947
0 0 0 L 2199021124948
0 0 0 S 2199021158322
0 0 0 S 2199021158323
0 0 0 S 2199021158324
0 0 0 S 2199021158325
0 0 0 S 2199021158273
0 0 0 L 2199021123136
0 0 0 S 2199021158258
0 0 0 L 2199021123142
0 0 0 S 2199021158264
0 0 0 S 2199023255453
0 0 0 S 2199023255452
0 0 0 L 1466015481878
0 0 0 S 2199023255448
0 0 0 S 2199023255447
0 0 0 S 2199023255446
0 0 0 S 2199023255431
0 0 0 S 2199023255430
0 0 0 L 2199021124980
0 0 0 S 2199023255432
0 0 0 S 2199023255433
0 0 0 S 2199023255429
0 0 0 S 2199023255426
0 0 0 L 2199023255427
0 0 0 S 2199023255425
0 0 0 L 2199015685184
0 0 0 L 2199021125030
0 0 0 L 2199015685254
0 0 0 L 2199015685324
0 0 0 L 2199015685558
0 0 0 L 2199015685289
0 0 0 L 2199015685475
0 0 0 L 2199015685307
0 0 0 L 2199015685517
0 0 0 L 2199015685315
0 0 0 L 2199015685538
0 0 0 L 2199015685311
0 0 0 L 2199015685527
0 0 0 L 2199015685309
0 0 0 L 2199015685522
0 0 0 L 2199015685310
0 0 0 L 2199015685525
0 0 0 L 2199015685523
0 0 0 L 2199015685524
0 0 0 S 2199023255428
0 0 0 L 2199021125182
0 0 0 L 2199023255434
0 0 0 L 2199023255435
0 0 0 L 2199023255436
0 0 0 L 2199023255437
0 0 0 L 2199023255440
0 0 0 L 2199023255441
0 0 0 L 2199021158261
0 0 0 S 2199023255424
0 0 0 S 2199023255423
0 0 0 S 2199023255422
0 0 0 S 2199015685888
0 0 0 S 2199015685899
0 0 0 S 2199015685906
0 0 0 S 2199015685905
0 0 0 L 2199015685900
0 0 0 S 2199015685903
0 0 0 S 2199015685901
0 0 0 S 2199015685902
0 0 0 L 2199021158326
0 0 0 S 2199015685898
0 0 0 S 2199023255420
0 0 0 S 2199023255421
0 0 0 L 2199023255438
0 0 0 L 2199023255439
0 0 0 S 2199023255419
0 0 0 S 2199015681859
0 0 0 L 2199015681846
0 0 0 S 2199015685889
0 0 0 S 2199015685890
0 0 0 L 2199015681847
0 0 0 S 2199015685892
0 0 0 L 2199015681848
0 0 0 L 2199015681849
0 0 0 L 2199015681850
0 0 0 S 2199015685891
0 0 0 L 2199015681851
0 0 0 S 2199015685893
0 0 0 L 2199015681852
0 0 0 S 2199015685895
0 0 0 L 2199015681853
0 0 0 S 2199015685894
0 0 0 L 2199015685904
0 0 0 L 2199015632520
0 0 0 L 1466015481880
0 0 0 S 2199023255445
0 0 0 L 2199015632817
0 0 0 L 2199015685272
0 0 0 L 2199015685432
0 0 0 L 2199015685280
0 0 0 L 2199015685453
0 0 0 L 2199015685276
0 0 0 L 2199015685442
0 0 0 L 2199015685443
0 0 0 L 2199015685273
0 0 0 L 2199015685437
0 0 0 L 2199015685434
0 0 0 L 2199015685435
0 0 0 L 2199015685436
0 0 0 S 2199015685907
0 0 0 L 2199023255442
0 0 0 S 2199015685908
0 0 0 S 2199015685918
0 0 0 S 2199015685925
0 0 0 L 2199015685919
0 0 0 S 2199015685922
0 0 0 S 2199015685921
0 0 0 S 2199015685926
0 0 0 S 2199015685920
0 0 0 S 2199023255418
0 0 0 S 2199023255417
0 0 0 S 2199015630026
0 0 0 S 2199015630079
0 0 0 S 2199015630027
0 0 0 S 2199015630028
0 0 0 S 2199015630029
0 0 0 S 2199015630030
0 0 0 S 2199015630031
0 0 0 S 2199015630032
0 0 0 S 2199015630033
0 0 0 S 2199015630034
0 0 0 S 2199015630035
0 0 0 S 2199015630036
0 0 0 S 2199015630037
0 0 0 S 2199015630038
0 0 0 S 2199015630039
0 0 0 S 2199015630040
0 0 0 S 2199015630041
0 0 0 S 2199015630042
0 0 0 S 2199015630043
0 0 0 S 2199015630044
0 0 0 S 2199015630045
0 0 0 S 2199015630046
0 0 0 S 2199015630047
0 0 0 S 2199015630048
0 0 0 S 2199015630049
0 0 0 S 2199015630050
0 0 0 S 2199015630051
0 0 0 S 2199015630052
0 0 0 S 2199015630053
0 0 0 S 2199015630054
0 0 0 S 2199015630055
0 0 0 S 2199015630056
0 0 0 S 2199015630057
0 0 0 S 2199015630058
0 0 0 S 2199015630059
0 0 0 S 2199015630060
0 0 0 S 2199015630061
0 0 0 S 2199015630062
0 0 0 S 2199015630063
0 0 0 S 2199015630064
0 0 0 S 2199015630065
0 0 0 S 2199015630066
0 0 0 S 2199015630067
0 0 0 S 2199015630068
0 0 0 S 2199015630069
0 0 0 S 2199015630070
0 0 0 S 2199015630071
0 0 0 S 2199015630072
0 0 0 S 2199015630073
0 0 0 S 2199015630074
0 0 0 S 2199015630075
0 0 0 S 2199015630076
0 0 0 S 2199015630077
0 0 0 S 2199015630078
0 0 0 L 2199015630005
0 0 0 S 2199015685910
0 0 0 L 2199015630006
0 0 0 S 2199015685911
0 0 0 S 2199015685912
0 0 0 L 2199015630007
0 0 0 S 2199015685909
0 0 0 L 2199015630008
0 0 0 L 2199015630009
0 0 0 L 2199015630010
0 0 0 S 2199015685913
0 0 0 L 2199015630011
0 0 0 L 2199015630012
0 0 0 S 2199015685914
0 0 0 S 2199015685923
0 0 0 L 2199015685924
0 0 0 L 2199015595722
0 0 0 S 2199023255451
0 0 0 L 1466015481881
0 0 0 L 2199021158030
0 0 0 L 2199015595978
0 0 0 L 2199015685359
0 0 0 L 2199015685645
0 0 0 L 2199015685342
0 0 0 L 2199015685603
0 0 0 L 2199015685350
0 0 0 L 2199015685623
0 0 0 L 2199015685355
0 0 0 L 2199015685633
0 0 0 L 2199015685357
0 0 0 L 2199015685637
0 0 0 L 2199015685638
0 0 0 L 2199015685356
0 0 0 L 2199015685635
0 0 0 L 2199015685634
0 0 0 L 2199015685636
0 0 0 S 2199015685927
0 0 0 S 2199015685938
0 0 0 S 2199015685928
0 0 0 S 2199015685945
0 0 0 L 2199015685939
0 0 0 S 2199015685942
0 0 0 S 2199015685941
0 0 0 S 2199015685940
0 0 0 S 2199015685946
0 0 0 S 2199015685937
0 0 0 S 2199023255416
0 0 0 S 2199015685943
0 0 0 S 2199015685944
0 0 0 S 2199023255415
0 0 0 S 2199015595420
0 0 0 S 2199015595455
0 0 0 S 2199015595421
0 0 0 S 2199015595422
0 0 0 S 2199015595423
0 0 0 S 2199015595424
0 0 0 S 2199015595425
0 0 0 S 2199015595426
0 0 0 S 2199015595427
0 0 0 S 2199015595428
0 0 0 S 2199015595429
0 0 0 S 2199015595430
0 0 0 S 2199015595431
0 0 0 S 2199015595432
0 0 0 S 2199015595433
0 0 0 S 2199015595434
0 0 0 S 2199015595435
0 0 0 S 2199015595436
0 0 0 S 2199015595437
0 0 0 S 2199015595438
0 0 0 S 2199015595439
0 0 0 S 2199015595440
0 0 0 S 2199015595441
0 0 0 S 2199015595442
0 0 0 S 2199015595443
0 0 0 S 2199015595444
0 0 0 S 2199015595445
0 0 0 S 2199015595446
0 0 0 S 2199015595447
0 0 0 S 2199015595448
0 0 0 S 2199015595449
0 0 0 S 2199015595450
0 0 0 S 2199015595451
0 0 0 S 2199015595452
0 0 0 S 2199015595453
0 0 0 S 2199015595454
0 0 0 L 2199015595310
0 0 0 S 2199015685930
0 0 0 L 2199015595311
0 0 0 S 2199015685929
0 0 0 S 2199015685931
0 0 0 L 2199015595312
0 0 0 L 2199015595313
0 0 0 L 2199015595314
0 0 0 L 2199015595315
0 0 0 S 2199015685932
0 0 0 L 2199015595316
0 0 0 S 2199015685934
0 0 0 S 2199015685933
0 0 0 L 2199015536394
0 0 0 L 2199015536395
0 0 0 S 2199023255443
0 0 0 L 2199015595977
0 0 0 S 2199015685947
0 0 0 L 2199015537828
0 0 0 S 2199015685948
0 0 0 L 2199021158262
0 0 0 S 2199015685949
0 0 0 L 1466015481884
0 0 0 L 2199015632832
0 0 0 L 2199015632833
0 0 0 L 1466015481883
0 0 0 L 1466015481885
0 0 0 L 2199015595991
0 0 0 L 2199015537903
0 0 0 S 2199015685951
0 0 0 S 2199015685950
0 0 0 S 2199015685952
0 0 0 L 2199015632836
0 0 0 L 2199021123168
0 0 0 L 2199021123169
0 0 0 L 2199015632818
0 0 0 L 2199021123167
0 0 0 L 2199015632837
0 0 0 L 2199015537904
0 0 0 L 2199015537905
0 0 0 L 2199015537906
0 0 0 L 2199015537907
0 0 0 L 2199015537908
0 0 0 L 2199015537909
0 0 0 L 2199015537910
0 0 0 L 2199015537911
0 0 0 L 2199015537912
0 0 0 L 2199015537913
0 0 0 L 2199015537914
0 0 0 L 2199015537915
0 0 0 L 2199015537916
0 0 0 L 2199015537917
0 0 0 L 2199015537832
0 0 0 L 2199015632834
0 0 0 L 2199015632835
0 0 0 S 2199015685956
0 0 0 S 2199015685957
0 0 0 S 2199015685953
0 0 0 S 2199015685954
0 0 0 S 2199015685955
0 0 0 L 2199015595997
0 0 0 L 2199015595979
0 0 0 L 2199015595980
0 0 0 L 2199015595998
0 0 0 L 2199015537831
0 0 0 L 2199015537829
0 0 0 L 2199015595999
0 0 0 L 2199015595992
0 0 0 L 2199015595993
0 0 0 L 2199015595994
0 0 0 L 2199015595995
0 0 0 L 2199015595996
0 0 0 S 2199015685963
0 0 0 S 2199015685962
0 0 0 S 2199015685961
0 0 0 S 2199015685958
0 0 0 S 2199015685959
0 0 0 S 2199015685960
0 0 0 L 2199015537918
0 0 0 S 2199015685974
0 0 0 S 2199015685964
0 0 0 S 2199015685965
0 0 0 S 2199015685966
0 0 0 S 2199015685967
0 0 0 S 2199015685968
0 0 0 S 2199015685969
0 0 0 S 2199015685970
0 0 0 S 2199015685971
0 0 0 S 2199015685972
0 0 0 S 2199015685973
0 0 0 S 2199015685975
0 0 0 S 2199015685976
0 0 0 L 2199021158211
0 0 0 S 2199015685977
0 0 0 L 2199021158316
0 0 0 S 2199015630620
0 0 0 S 2199015630655
0 0 0 S 2199015630621
0 0 0 S 2199015630622
0 0 0 S 2199015630623
0 0 0 S 2199015630624
0 0 0 S 2199015630625
0 0 0 S 2199015630626
0 0 0 S 2199015630627
0 0 0 S 2199015630628
0 0 0 S 2199015630629
0 0 0 S 2199015630630
0 0 0 S 2199015630631
0 0 0 S 2199015630632
0 0 0 S 2199015630633
0 0 0 S 2199015630634
0 0 0 S 2199015630635
0 0 0 S 2199015630636
0 0 0 S 2199015630637
0 0 0 S 2199015630638
0 0 0 S 2199015630639
0 0 0 S 2199015630640
0 0 0 S 2199015630641
0 0 0 S 2199015630642
0 0 0 S 2199015630643
0 0 0 S 2199015630644
0 0 0 S 2199015630645
0 0 0 S 2199015630646
0 0 0 S 2199015630647
0 0 0 S 2199015630648
0 0 0 S 2199015630649
0 0 0 S 2199015630650
0 0 0 S 2199015630651
0 0 0 S 2199015630652
0 0 0 S 2199015630653
0 0 0 S 2199015630654
0 0 0 S 2199015630656
0 0 0 L 2199021158287
0 0 0 L 2199015595328
0 0 0 S 2199015595103
0 0 0 L 2199015537919
0 0 0 L 2199015537920
0 0 0 S 2199015595104
0 0 0 L 2199015537921
0 0 0 L 2199015537922
0 0 0 L 2199015537923
0 0 0 S 2199015595105
0 0 0 L 2199015537924
0 0 0 L 2199015537925
0 0 0 L 2199015537926
0 0 0 S 2199015595106
0 0 0 L 2199015537927
0 0 0 L 2199015537928
0 0 0 L 2199015537929
0 0 0 S 2199015595107
0 0 0 L 2199015537930
0 0 0 L 2199015537931
0 0 0 L 2199015537932
0 0 0 S 2199015595108
0 0 0 L 2199015537933
0 0 0 L 2199015537934
0 0 0 L 2199015537935
0 0 0 S 2199015595109
0 0 0 L 2199015537936
0 0 0 L 2199015537937
0 0 0 L 2199015537938
0 0 0 S 2199015595110
0 0 0 L 2199015537939
0 0 0 S 2199015595111
0 0 0 L 2199015537940
0 0 0 L 2199015537941
0 0 0 S 2199015595112
0 0 0 L 2199015537942
0 0 0 L 2199015537943
0 0 0 L 2199015537944
0 0 0 S 2199015595113
0 0 0 L 2199015537945
0 0 0 S 2199015595114
0 0 0 L 2199015537946
0 0 0 L 2199015537947
0 0 0 S 2199015595115
0 0 0 L 2199015537948
0 0 0 L 2199015537949
0 0 0 L 2199015537950
0 0 0 S 2199015595116
0 0 0 L 2199015537951
0 0 0 L 2199015537952
0 0 0 S 2199015595117
0 0 0 L 2199015537953
0 0 0 L 2199015537954
0 0 0 S 2199015595118
0 0 0 L 2199015537955
0 0 0 L 2199015537956
0 0 0 L 2199015537957
0 0 0 S 2199015595119
0 0 0 L 2199015537958
0 0 0 L 2199015537959
0 0 0 S 2199015595120
0 0 0 L 2199015537960
0 0 0 L 2199015537961
0 0 0 L 2199015537962
0 0 0 S 2199015595121
0 0 0 L 2199015537963
0 0 0 L 2199015537964
0 0 0 L 2199015537965
0 0 0 S 2199015595122
0 0 0 L 2199015537966
0 0 0 S 2199015595123
0 0 0 L 2199015537967
0 0 0 L 2199015537968
0 0 0 L 2199015537969
0 0 0 S 2199015595124
0 0 0 L 2199015537970
0 0 0 L 2199015537971
0 0 0 L 2199015537972
0 0 0 S 2199015595125
0 0 0 L 2199015537973
0 0 0 L 2199015537974
0 0 0 S 2199015595126
0 0 0 L 2199015537975
0 0 0 L 2199015537976
0 0 0 S 2199015595127
0 0 0 L 2199015537977
0 0 0 L 2199015537978
0 0 0 L 2199015537979
0 0 0 S 2199015595128
0 0 0 L 2199015537980
0 0 0 L 2199015537981
0 0 0 S 2199015595129
0 0 0 L 2199015537982
0 0 0 L 2199015537983
0 0 0 S 2199015595130
0 0 0 L 2199015537984
0 0 0 L 2199015537985
0 0 0 L 2199015537986
0 0 0 S 2199015595131
0 0 0 L 2199015537987
0 0 0 L 2199015537988
0 0 0 S 2199015595132
0 0 0 L 2199015537989
0 0 0 L 2199015537990
0 0 0 S 2199015595133
0 0 0 L 2199015537991
0 0 0 L 2199015537992
0 0 0 L 2199015537993
0 0 0 S 2199015595134
0 0 0 L 2199015537994
0 0 0 L 2199015537995
0 0 0 S 2199015595135
0 0 0 L 2199015537996
0 0 0 L 2199015537997
0 0 0 S 2199015595136
0 0 0 L 2199015537998
0 0 0 L 2199015537999
0 0 0 L 2199015538000
0 0 0 S 2199015595137
0 0 0 L 2199015538001
0 0 0 L 2199015538002
0 0 0 S 2199015595138
0 0 0 L 2199015538003
0 0 0 L 2199015538004
0 0 0 S 2199015595139
0 0 0 L 2199015538005
0 0 0 L 2199015538006
0 0 0 L 2199015538007
0 0 0 S 2199015595140
0 0 0 L 2199015538008
0 0 0 L 2199015538009
0 0 0 S 2199015595141
0 0 0 L 2199015538010
0 0 0 L 2199015538011
0 0 0 S 2199015595142
0 0 0 L 2199015538012
0 0 0 L 2199015538013
0 0 0 L 2199015538014
0 0 0 S 2199015595143
0 0 0 L 2199015538015
0 0 0 L 2199015538016
0 0 0 S 2199015595144
0 0 0 L 2199015538017
0 0 0 S 2199015595147
0 0 0 L 2199015538018
0 0 0 L 2199015538019
0 0 0 S 2199015595148
0 0 0 L 2199015538020
0 0 0 L 2199015538021
0 0 0 L 2199015538022
0 0 0 S 2199015595149
0 0 0 L 2199015538023
0 0 0 L 2199015538024
0 0 0 S 2199015595150
0 0 0 L 2199015538025
0 0 0 L 2199015538026
0 0 0 S 2199015595151
0 0 0 L 2199015538027
0 0 0 L 2199015538028
0 0 0 L 2199015538029
0 0 0 S 2199015595152
0 0 0 L 2199015538030
0 0 0 L 2199015538031
0 0 0 S 2199015595153
0 0 0 L 2199015538032
0 0 0 L 2199015538033
0 0 0 L 2199015538034
0 0 0 S 2199015595154
0 0 0 L 2199015538035
0 0 0 L 2199015538036
0 0 0 L 2199015538037
0 0 0 S 2199015595155
0 0 0 L 2199015538038
0 0 0 S 2199015595156
0 0 0 L 2199015538039
0 0 0 L 2199015538040
0 0 0 L 2199015538041
0 0 0 S 2199015595157
0 0 0 L 2199015538042
0 0 0 L 2199015538043
0 0 0 L 2199015538044
0 0 0 S 2199015595158
0 0 0 L 2199015538045
0 0 0 L 2199015538046
0 0 0 S 2199015595159
0 0 0 L 2199015538047
0 0 0 L 2199015538048
0 0 0 S 2199015595160
0 0 0 L 2199015538049
0 0 0 L 2199015538050
0 0 0 L 2199015538051
0 0 0 S 2199015595161
0 0 0 L 2199015538052
0 0 0 L 2199015538053
0 0 0 S 2199015595162
0 0 0 L 2199015538054
0 0 0 L 2199015538055
0 0 0 S 2199015595163
0 0 0 L 2199015538056
0 0 0 L 2199015538057
0 0 0 S 2199015595164
0 0 0 L 2199015538058
0 0 0 S 2199015595165
0 0 0 L 2199015538059
0 0 0 S 2199015595166
0 0 0 L 2199015538060
0 0 0 S 2199015595167
0 0 0 L 2199015538061
0 0 0 L 2199015538062
0 0 0 S 2199015595168
0 0 0 L 2199015538063
0 0 0 L 2199015538064
0 0 0 L 2199015538065
0 0 0 S 2199015595169
0 0 0 L 2199015538066
0 0 0 L 2199015538067
0 0 0 S 2199015595170
0 0 0 L 2199015538068
0 0 0 L 2199015538069
0 0 0 L 2199015538070
0 0 0 S 2199015595171
0 0 0 L 2199015538071
0 0 0 L 2199015538072
0 0 0 L 2199015538073
0 0 0 S 2199015595173
0 0 0 L 2199015538074
0 0 0 L 2199015538075
0 0 0 S 2199015595174
0 0 0 L 2199015538076
0 0 0 S 2199015595175
0 0 0 L 2199015538077
0 0 0 L 2199015538078
0 0 0 L 2199015538079
0 0 0 S 2199015595176
0 0 0 L 2199015538080
0 0 0 S 2199015595177
0 0 0 L 2199015538081
0 0 0 L 2199015538082
0 0 0 S 2199015595178
0 0 0 L 2199015538083
0 0 0 S 2199015595179
0 0 0 L 2199015538084
0 0 0 S 2199015595180
0 0 0 L 2199015538085
0 0 0 L 2199015538086
0 0 0 L 2199015538087
0 0 0 S 2199015595181
0 0 0 L 2199015538088
0 0 0 L 2199015538089
0 0 0 L 2199015538090
0 0 0 S 2199015595182
0 0 0 L 2199015538091
0 0 0 L 2199015538092
0 0 0 L 2199015538093
0 0 0 S 2199015595183
0 0 0 L 2199015538094
0 0 0 L 2199015538095
0 0 0 L 2199015538096
0 0 0 S 2199015595184
0 0 0 L 2199015538097
0 0 0 S 2199015595185
0 0 0 L 2199015538098
0 0 0 S 2199015595186
0 0 0 L 2199015538099
0 0 0 S 2199015595187
0 0 0 L 2199015538100
0 0 0 S 2199015595188
0 0 0 L 2199015538101
0 0 0 S 2199015595189
0 0 0 L 2199015538102
0 0 0 L 2199015538103
0 0 0 L 2199015538104
0 0 0 S 2199015595190
0 0 0 L 2199015538105
0 0 0 L 2199015538106
0 0 0 L 2199015538107
0 0 0 S 2199015595191
0 0 0 L 2199015538108
0 0 0 L 2199015538109
0 0 0 L 2199015538110
0 0 0 S 2199015595192
0 0 0 L 2199015538111
0 0 0 L 2199015538112
0 0 0 L 2199015538113
0 0 0 S 2199015595193
0 0 0 L 2199015538114
0 0 0 L 2199015538115
0 0 0 L 2199015538116
0 0 0 S 2199015595194
0 0 0 L 2199015538117
0 0 0 L 2199015538118
0 0 0 L 2199015538119
0 0 0 S 2199015595195
0 0 0 L 2199015538120
0 0 0 L 2199015538121
0 0 0 L 2199015538122
0 0 0 S 2199015595196
0 0 0 L 2199015538123
0 0 0 L 2199015538124
0 0 0 L 2199015538125
0 0 0 S 2199015595197
0 0 0 L 2199015538126
0 0 0 L 2199015538127
0 0 0 L 2199015538128
0 0 0 S 2199015595198
0 0 0 L 2199015538129
0 0 0 L 2199015538130
0 0 0 L 2199015538131
0 0 0 S 2199015595199
0 0 0 L 2199015538132
0 0 0 L 2199015538133
0 0 0 L 2199015538134
0 0 0 S 2199015595200
0 0 0 L 2199015538135
0 0 0 L 2199015538136
0 0 0 L 2199015538137
0 0 0 S 2199015595201
0 0 0 L 2199015538138
0 0 0 L 2199015538139
0 0 0 L 2199015538140
0 0 0 S 2199015595202
0 0 0 L 2199015538141
0 0 0 S 2199015595203
0 0 0 L 2199015538142
0 0 0 S 2199015595204
0 0 0 S 2199015595205
0 0 0 L 2199015538143
0 0 0 L 2199015538144
0 0 0 L 2199015538145
0 0 0 S 2199015595206
0 0 0 S 2199015595207
0 0 0 L 2199015538146
0 0 0 L 2199015538147
0 0 0 L 2199015538148
0 0 0 S 2199015595208
0 0 0 L 2199015538149
0 0 0 S 2199015595209
0 0 0 L 2199015538150
0 0 0 S 2199015595210
0 0 0 L 2199015538151
0 0 0 L 2199015538152
0 0 0 S 2199015595211
0 0 0 S 2199015595212
0 0 0 L 2199015538153
0 0 0 S 2199015595213
0 0 0 L 2199015538154
0 0 0 L 2199015538155
0 0 0 S 2199015595214
0 0 0 L 2199015538156
0 0 0 L 2199015538157
0 0 0 L 2199015538158
0 0 0 S 2199015595215
0 0 0 L 2199015538159
0 0 0 L 2199015538160
0 0 0 S 2199015595218
0 0 0 L 2199015538161
0 0 0 S 2199015595219
0 0 0 L 2199015538162
0 0 0 S 2199015595220
0 0 0 L 2199015538163
0 0 0 L 2199015538164
0 0 0 S 2199015595221
0 0 0 L 2199015538165
0 0 0 S 2199015595222
0 0 0 L 2199015538166
0 0 0 L 2199015538167
0 0 0 L 2199015538168
0 0 0 S 2199015595223
0 0 0 L 2199015538169
0 0 0 L 2199015538170
0 0 0 L 2199015538171
0 0 0 S 2199015595224
0 0 0 L 2199015538172
0 0 0 L 2199015538173
0 0 0 L 2199015538174
0 0 0 S 2199015595225
0 0 0 L 2199015538175
0 0 0 L 2199015538176
0 0 0 L 2199015538177
0 0 0 S 2199015595226
0 0 0 L 2199015538178
0 0 0 L 2199015538179
0 0 0 L 2199015538180
0 0 0 S 2199015595227
0 0 0 L 2199015538181
0 0 0 L 2199015538182
0 0 0 S 2199015595228
0 0 0 L 2199015538183
0 0 0 L 2199015538184
0 0 0 L 2199015538185
0 0 0 S 2199015595229
0 0 0 L 2199015538186
0 0 0 L 2199015538187
0 0 0 L 2199015538188
0 0 0 S 2199015595230
0 0 0 L 2199015538189
0 0 0 L 2199015538190
0 0 0 L 2199015538191
0 0 0 S 2199015595231
0 0 0 L 2199015538192
0 0 0 L 2199015538193
0 0 0 L 2199015538194
0 0 0 S 2199015595232
0 0 0 L 2199015538195
0 0 0 L 2199015538196
0 0 0 L 2199015538197
0 0 0 S 2199015595233
0 0 0 L 2199015538198
0 0 0 L 2199015538199
0 0 0 L 2199015538200
0 0 0 S 2199015595234
0 0 0 L 2199015538201
0 0 0 L 2199015538202
0 0 0 L 2199015538203
0 0 0 S 2199015595235
0 0 0 L 2199015538204
0 0 0 L 2199015538205
0 0 0 L 2199015538206
0 0 0 S 2199015595236
0 0 0 L 2199015538207
0 0 0 L 2199015538208
0 0 0 L 2199015538209
0 0 0 S 2199015595237
0 0 0 L 2199015538210
0 0 0 L 2199015538211
0 0 0 L 2199015538212
0 0 0 S 2199015595238
0 0 0 L 2199015538213
0 0 0 L 2199015538214
0 0 0 S 2199015595239
0 0 0 L 2199015538215
0 0 0 L 2199015538216
0 0 0 L 2199015538217
0 0 0 S 2199015595240
0 0 0 L 2199015538218
0 0 0 L 2199015538219
0 0 0 L 2199015538220
0 0 0 S 2199015595241
0 0 0 L 2199015538221
0 0 0 L 2199015538222
0 0 0 L 2199015538223
0 0 0 S 2199015595242
0 0 0 L 2199015538224
0 0 0 L 2199015538225
0 0 0 L 2199015538226
0 0 0 S 2199015595247
0 0 0 L 2199015538227
0 0 0 S 2199015595248
0 0 0 L 2199015538228
0 0 0 L 2199015538229
0 0 0 L 2199015538230
0 0 0 S 2199015595249
0 0 0 L 2199015538231
0 0 0 L 2199015538232
0 0 0 L 2199015538233
0 0 0 S 2199015595250
0 0 0 L 2199015538234
0 0 0 L 2199015538235
0 0 0 L 2199015538236
0 0 0 S 2199015595251
0 0 0 L 2199015538237
0 0 0 L 2199015538238
0 0 0 S 2199015595256
0 0 0 L 2199015538239
0 0 0 L 2199015538240
0 0 0 S 2199015595259
0 0 0 L 2199015538241
0 0 0 L 2199015538242
0 0 0 S 2199015595260
0 0 0 S 2199015595261
0 0 0 L 2199015538243
0 0 0 S 2199015595262
0 0 0 L 2199015538244
0 0 0 S 2199015595263
0 0 0 L 2199015538245
0 0 0 S 2199015595264
0 0 0 L 2199015538246
0 0 0 S 2199015595265
0 0 0 L 2199015538247
0 0 0 L 2199015538248
0 0 0 S 2199015595267
0 0 0 L 2199015538249
0 0 0 L 2199015538250
0 0 0 S 2199015595268
0 0 0 L 2199015538251
0 0 0 S 2199015595269
0 0 0 L 2199015538252
0 0 0 L 2199015538253
0 0 0 L 2199015538254
0 0 0 S 2199015595270
0 0 0 S 2199015595271
0 0 0 L 2199015538255
0 0 0 L 2199015538256
0 0 0 L 2199015538257
0 0 0 S 2199015595272
0 0 0 L 2199015538258
0 0 0 L 2199015538259
0 0 0 L 2199015538260
0 0 0 S 2199015595273
0 0 0 L 2199015538261
0 0 0 L 2199015538262
0 0 0 S 2199015595274
0 0 0 L 2199015538263
0 0 0 L 2199015538264
0 0 0 S 2199015595275
0 0 0 L 2199015538265
0 0 0 L 2199015538266
0 0 0 S 2199015595276
0 0 0 L 2199015538267
0 0 0 L 2199015538268
0 0 0 L 2199015538269
0 0 0 S 2199015595277
0 0 0 L 2199015538270
0 0 0 L 2199015538271
0 0 0 S 2199015595278
0 0 0 L 2199015538272
0 0 0 S 2199015595279
0 0 0 L 2199015538273
0 0 0 L 2199015538274
0 0 0 L 2199015538275
0 0 0 S 2199015595280
0 0 0 L 2199015538276
0 0 0 L 2199015538277
0 0 0 S 2199015595281
0 0 0 L 2199015538278
0 0 0 L 2199015538279
0 0 0 S 2199015595282
0 0 0 L 2199015538280
0 0 0 L 2199015538281
0 0 0 S 2199015595283
0 0 0 L 2199015538282
0 0 0 L 2199015538283
0 0 0 L 2199015538284
0 0 0 S 2199015595284
0 0 0 L 2199015538285
0 0 0 L 2199015538286
0 0 0 S 2199015595285
0 0 0 L 2199015538287
0 0 0 L 2199015538288
0 0 0 L 2199015538289
0 0 0 S 2199015595286
0 0 0 L 2199015538290
0 0 0 L 2199015538291
0 0 0 S 2199015595287
0 0 0 L 2199015538292
0 0 0 L 2199015538293
0 0 0 S 2199015595288
0 0 0 L 2199015538294
0 0 0 L 2199015538295
0 0 0 S 2199015595289
0 0 0 L 2199015538296
0 0 0 L 2199015538297
0 0 0 S 2199015595290
0 0 0 L 2199015538298
0 0 0 S 2199015595291
0 0 0 L 2199015538299
0 0 0 L 2199015538300
0 0 0 S 2199015595292
0 0 0 L 2199015538301
0 0 0 L 2199015538302
0 0 0 S 2199015595293
0 0 0 L 2199015538303
0 0 0 L 2199015538304
0 0 0 S 2199015595294
0 0 0 L 2199015538305
0 0 0 S 2199015595296
0 0 0 L 2199015538306
0 0 0 S 2199015595297
0 0 0 L 2199015538307
0 0 0 L 2199015538308
0 0 0 L 2199015538309
0 0 0 S 2199015595298
0 0 0 L 2199015538310
0 0 0 L 2199015538311
0 0 0 L 2199015538312
0 0 0 S 2199015595299
0 0 0 L 2199015538313
0 0 0 L 2199015538314
0 0 0 L 2199015538315
0 0 0 S 2199015595300
0 0 0 L 2199015538316
0 0 0 S 2199015595301
0 0 0 S 2199015595302
0 0 0 L 2199015538317
0 0 0 S 2199015595303
0 0 0 L 2199015538318
0 0 0 S 2199015595304
0 0 0 S 2199015595305
0 0 0 L 2199015538319
0 0 0 S 2199015595306
0 0 0 L 2199015538320
0 0 0 S 2199015595307
0 0 0 L 2199015538321
0 0 0 S 2199015595308
0 0 0 L 2199015538322
0 0 0 S 2199015595309
0 0 0 L 2199015538323
0 0 0 L 2199015538324
0 0 0 L 2199015538325
0 0 0 S 2199015595340
0 0 0 L 2199015538326
0 0 0 S 2199015595341
0 0 0 L 2199015538327
0 0 0 L 2199015538328
0 0 0 S 2199015595342
0 0 0 L 2199015538329
0 0 0 S 2199015595343
0 0 0 L 2199015538330
0 0 0 S 2199015595344
0 0 0 L 2199015538331
0 0 0 S 2199015595345
0 0 0 L 2199015538332
0 0 0 S 2199015595346
0 0 0 L 2199015538333
0 0 0 L 2199015538334
0 0 0 S 2199015595347
0 0 0 L 2199015538335
0 0 0 S 2199015595348
0 0 0 L 2199015538336
0 0 0 L 2199015538337
0 0 0 S 2199015595349
0 0 0 L 2199015538338
0 0 0 S 2199015595350
0 0 0 L 2199015538339
0 0 0 L 2199015538340
0 0 0 S 2199015595351
0 0 0 L 2199015538341
0 0 0 S 2199015595352
0 0 0 L 2199015538342
0 0 0 L 2199015538343
0 0 0 S 2199015595357
0 0 0 L 2199015538344
0 0 0 S 2199015595362
0 0 0 S 2199015595365
0 0 0 L 2199015538345
0 0 0 S 2199015595366
0 0 0 S 2199015595371
0 0 0 L 2199015538346
0 0 0 L 2199015538347
0 0 0 S 2199015595405
0 0 0 S 2199015595406
0 0 0 L 2199015538348
0 0 0 L 2199015538349
0 0 0 S 2199015595407
0 0 0 L 2199015538350
0 0 0 S 2199015595408
0 0 0 L 2199015538351
0 0 0 L 2199015538352
0 0 0 L 2199015538353
0 0 0 S 2199015595409
0 0 0 L 2199015538354
0 0 0 L 2199015538355
0 0 0 L 2199015538356
0 0 0 S 2199015595410
0 0 0 L 2199015538357
0 0 0 L 2199015538358
0 0 0 L 2199015538359
0 0 0 S 2199015595411
0 0 0 L 2199015538360
0 0 0 L 2199015538361
0 0 0 S 2199015595414
0 0 0 S 2199015595415
0 0 0 L 2199015538362
0 0 0 S 2199015595418
0 0 0 L 2199015538363
0 0 0 S 2199015595419
0 0 0 L 2199015537845
0 0 0 L 2199015536778
0 0 0 L 2199015537632
0 0 0 L 2199015537633
0 0 0 L 2199015632525
0 0 0 L 2199015595723
0 0 0 L 2199015595748
0 0 0 L 2199015536408
0 0 0 L 2199015536438
0 0 0 L 2199015536514
0 0 0 S 2199023255444
0 0 0 L 2199021124949
0 0 0 L 2199015538364
0 0 0 L 2199015536630
0 0 0 L 2199021124950
0 0 0 S 2199015595318
0 0 0 L 2199015538365
0 0 0 L 2199015538366
0 0 0 L 2199015538367
0 0 0 S 2199015595319
0 0 0 S 2199015595320
0 0 0 S 2199015595321
0 0 0 L 2199015538368
0 0 0 S 2199015595323
0 0 0 S 2199015595324
0 0 0 L 2199015538369
0 0 0 S 2199015595327
0 0 0 L 2199015537874
0 0 0 L 2199015537132
0 0 0 L 2199015537478
0 0 0 L 2199015632521
0 0 0 L 2199015536420
0 0 0 L 2199015536465
0 0 0 L 2199015536573
0 0 0 L 2199015537882
0 0 0 L 2199015537219
0 0 0 L 2199015537482
0 0 0 L 2199015632523
0 0 0 L 2199015595725
0 0 0 L 2199015536422
0 0 0 L 2199015536472
0 0 0 L 2199015536588
0 0 0 L 2199015538370
0 0 0 L 2199015537897
0 0 0 L 2199015537402
0 0 0 L 2199015537500
0 0 0 L 2199015632524
0 0 0 L 2199015632531
0 0 0 L 2199015632580
0 0 0 L 2199015536407
0 0 0 L 2199015536484
0 0 0 L 2199015536618
0 0 0 L 2199015537854
0 0 0 L 2199015536886
0 0 0 L 2199015537508
0 0 0 L 2199015632527
0 0 0 L 2199015536402
0 0 0 L 2199015536447
0 0 0 L 2199015536532
0 0 0 L 2199015538371
0 0 0 L 2199015537881
0 0 0 L 2199015537218
0 0 0 L 2199015537513
0 0 0 L 2199015632526
0 0 0 L 2199015595724
0 0 0 L 2199015536417
0 0 0 L 2199015536587
0 0 0 L 2199015537870
0 0 0 L 2199015537077
0 0 0 L 2199015537490
0 0 0 L 2199015537491
0 0 0 L 2199015536404
0 0 0 L 2199015536461
0 0 0 L 2199015536564
0 0 0 L 2199015537841
0 0 0 L 2199015536736
0 0 0 L 2199015537625
0 0 0 L 2199015536400
0 0 0 L 2199015536435
0 0 0 L 2199015536507
0 0 0 L 2199015538372
0 0 0 L 2199015537517
0 0 0 L 2199015536488
0 0 0 L 2199015536626
0 0 0 L 2199021123147
0 0 0 L 2199021123148
0 0 0 L 2199021123149
0 0 0 L 2199021123157
0 0 0 L 2199021123160
0 0 0 L 2199021123161
0 0 0 L 2199015536732
0 0 0 L 2199015537526
0 0 0 L 2199015536403
0 0 0 L 2199015536506
0 0 0 L 2199015537873
0 0 0 L 2199015537115
0 0 0 L 2199015537528
0 0 0 L 2199015536398
0 0 0 L 2199015536464
0 0 0 L 2199015536570
0 0 0 L 2199015537116
0 0 0 L 2199015538373
0 0 0 L 2199015537871
0 0 0 L 2199015537097
0 0 0 L 2199015537531
0 0 0 L 2199015537532
0 0 0 L 2199015536414
0 0 0 L 2199015536462
0 0 0 L 2199015536567
0 0 0 L 2199015537838
0 0 0 L 2199015536700
0 0 0 L 2199015537539
0 0 0 L 2199015536406
0 0 0 L 2199015536432
0 0 0 L 2199015536501
0 0 0 L 2199015538374
0 0 0 L 2199015537869
0 0 0 L 2199015537075
0 0 0 L 2199015537543
0 0 0 L 2199015537544
0 0 0 L 2199015632533
0 0 0 L 2199015536563
0 0 0 L 2199015536631
0 0 0 L 2199015537741
0 0 0 L 2199015632522
0 0 0 L 2199015536405
0 0 0 L 2199021123150
0 0 0 L 2199021123162
0 0 0 L 2199021123163
0 0 0 L 2199015537879
0 0 0 L 2199015537193
0 0 0 L 2199015537545
0 0 0 L 2199015536401
0 0 0 L 2199015536470
0 0 0 L 2199015536583
0 0 0 L 2199015537194
0 0 0 L 2199015538375
0 0 0 L 2199015537074
0 0 0 L 2199015537750
0 0 0 L 2199015537835
0 0 0 L 2199015536658
0 0 0 L 2199015537555
0 0 0 L 2199015536429
0 0 0 L 2199015536494
0 0 0 L 2199015536730
0 0 0 L 2199015537561
0 0 0 L 2199015536415
0 0 0 L 2199015538376
0 0 0 L 2199015537887
0 0 0 L 2199015537284
0 0 0 L 2199015537564
0 0 0 L 2199015632528
0 0 0 L 2199015536476
0 0 0 L 2199015536598
0 0 0 L 2199015537833
0 0 0 L 2199015537773
0 0 0 L 2199015536396
0 0 0 L 2199021123164
0 0 0 L 2199015538377
0 0 0 L 2199015537888
0 0 0 L 2199015537301
0 0 0 L 2199015537484
0 0 0 L 2199015537485
0 0 0 L 2199015632564
0 0 0 L 2199015536477
0 0 0 L 2199015536601
0 0 0 L 2199015537130
0 0 0 L 2199015537596
0 0 0 L 2199015536412
0 0 0 L 2199015537131
0 0 0 S 2199015595322
0 0 0 L 2199015536889
0 0 0 L 2199015537597
0 0 0 L 2199015538378
0 0 0 L 2199015537865
0 0 0 L 2199015537026
0 0 0 L 2199015536423
0 0 0 L 2199015536458
0 0 0 L 2199015536555
0 0 0 L 2199015537895
0 0 0 L 2199015537383
0 0 0 L 2199015537653
0 0 0 L 2199015595726
0 0 0 L 2199015536399
0 0 0 L 2199015536483
0 0 0 L 2199015536615
0 0 0 L 2199015537857
0 0 0 L 2199015536925
0 0 0 L 2199015537605
0 0 0 L 2199015536450
0 0 0 L 2199015536538
0 0 0 L 2199015536539
0 0 0 L 2199015538379
0 0 0 L 2199015537848
0 0 0 L 2199015536812
0 0 0 L 2199015537608
0 0 0 L 2199015536425
0 0 0 L 2199015536441
0 0 0 L 2199015536520
0 0 0 L 2199015537890
0 0 0 L 2199015537315
0 0 0 L 2199015537622
0 0 0 L 2199015536478
0 0 0 L 2199015536603
0 0 0 L 2199015536604
0 0 0 L 2199015538380
0 0 0 L 2199015537117
0 0 0 L 2199015536424
0 0 0 L 2199015536571
0 0 0 L 2199015537894
0 0 0 L 2199015537372
0 0 0 L 2199015536482
0 0 0 L 2199015536613
0 0 0 L 2199015537023
0 0 0 L 2199015537634
0 0 0 L 2199015537635
0 0 0 L 2199015536419
0 0 0 L 2199015536457
0 0 0 L 2199015538381
0 0 0 L 2199015537839
0 0 0 L 2199015536706
0 0 0 L 2199015537636
0 0 0 L 2199015537637
0 0 0 L 2199015536426
0 0 0 L 2199015536433
0 0 0 L 2199015536502
0 0 0 L 2199015537902
0 0 0 L 2199015537469
0 0 0 L 2199015537641
0 0 0 L 2199015536490
0 0 0 L 2199015536629
0 0 0 L 2199015537464
0 0 0 L 2199015537651
0 0 0 L 2199015536489
0 0 0 L 2199015536628
0 0 0 L 2199015538382
0 0 0 L 2199015537866
0 0 0 L 2199015537038
0 0 0 L 2199015537652
0 0 0 L 2199015536557
0 0 0 L 2199015536710
0 0 0 L 2199015537654
0 0 0 L 2199015536503
0 0 0 L 2199015538383
0 0 0 L 2199015537872
0 0 0 L 2199015537109
0 0 0 L 2199015537720
0 0 0 L 2199015536463
0 0 0 L 2199015536569
0 0 0 L 2199015537287
0 0 0 L 2199015537657
0 0 0 L 2199015537658
0 0 0 L 2199015536599
0 0 0 L 2199015537384
0 0 0 L 2199015537662
0 0 0 L 2199015538384
0 0 0 L 2199015537867
0 0 0 L 2199015537050
0 0 0 L 2199015537676
0 0 0 L 2199015536459
0 0 0 L 2199015536559
0 0 0 L 2199015537898
0 0 0 L 2199015537418
0 0 0 L 2199015537682
0 0 0 L 2199015536486
0 0 0 L 2199015536621
0 0 0 L 2199015537858
0 0 0 L 2199015536939
0 0 0 L 2199015537686
0 0 0 L 2199015536451
0 0 0 L 2199015536541
0 0 0 L 2199015538385
0 0 0 L 2199015537889
0 0 0 L 2199015537304
0 0 0 L 2199015537688
0 0 0 L 2199015536602
0 0 0 L 2199015536703
0 0 0 L 2199015537696
0 0 0 L 2199015536397
0 0 0 S 2199015595325
0 0 0 L 2199015538386
0 0 0 L 2199015536632
0 0 0 L 2199015537701
0 0 0 L 2199015537702
0 0 0 L 2199015537021
0 0 0 L 2199015537703
0 0 0 L 2199015536409
0 0 0 L 2199015536554
0 0 0 L 2199015537891
0 0 0 L 2199015537330
0 0 0 L 2199015536479
0 0 0 L 2199015536606
0 0 0 L 2199015538387
0 0 0 L 2199015537842
0 0 0 L 2199015536745
0 0 0 L 2199015537704
0 0 0 L 2199015536436
0 0 0 L 2199015536508
0 0 0 L 2199015536509
0 0 0 L 2199015537876
0 0 0 L 2199015537150
0 0 0 L 2199015537706
0 0 0 L 2199015536410
0 0 0 L 2199015536467
0 0 0 L 2199015536576
0 0 0 L 2199015537855
0 0 0 L 2199015536905
0 0 0 L 2199015537714
0 0 0 L 2199015595753
0 0 0 L 2199015595770
0 0 0 L 2199015595890
0 0 0 L 2199015595963
0 0 0 L 2199015595990
0 0 0 L 2199015538388
0 0 0 L 2199015537364
0 0 0 L 2199015537718
0 0 0 L 2199015537719
0 0 0 L 2199015536612
0 0 0 L 2199015537365
0 0 0 L 2199015537408
0 0 0 L 2199015537725
0 0 0 L 2199015536485
0 0 0 L 2199015536619
0 0 0 S 2199015595326
0 0 0 L 2199015538389
0 0 0 L 2199015537151
0 0 0 L 2199015537726
0 0 0 L 2199015537727
0 0 0 L 2199015537409
0 0 0 L 2199015537126
0 0 0 L 2199015537746
0 0 0 L 2199015537747
0 0 0 L 2199015536572
0 0 0 L 2199015538390
0 0 0 L 2199015537850
0 0 0 L 2199015536841
0 0 0 L 2199015537765
0 0 0 L 2199015537766
0 0 0 L 2199015536411
0 0 0 L 2199015536444
0 0 0 L 2199015536524
0 0 0 L 2199015537468
0 0 0 L 2199015537558
0 0 0 L 2199015537559
0 0 0 L 2199015537148
0 0 0 L 2199015537775
0 0 0 L 2199015537776
0 0 0 L 2199015538391
0 0 0 L 2199015537156
0 0 0 L 2199015537780
0 0 0 L 2199015536577
0 0 0 L 2199015537849
0 0 0 L 2199015536823
0 0 0 L 2199015537783
0 0 0 L 2199015536442
0 0 0 L 2199015536522
0 0 0 L 2199015538392
0 0 0 L 2199015537880
0 0 0 L 2199015537196
0 0 0 L 2199015537796
0 0 0 L 2199015536471
0 0 0 L 2199015536584
0 0 0 L 2199015537197
0 0 0 L 2199015537412
0 0 0 L 2199015537801
0 0 0 L 2199015536421
0 0 0 L 2199015536620
0 0 0 L 2199015537212
0 0 0 L 2199015537574
0 0 0 L 2199015536586
0 0 0 L 2199015538393
0 0 0 L 2199015537187
0 0 0 L 2199015537818
0 0 0 L 2199015536469
0 0 0 L 2199015536582
0 0 0 L 2199015537579
0 0 0 L 2199015536413
0 0 0 L 2199021123156
0 0 0 L 2199015537114
0 0 0 L 2199015537823
0 0 0 L 2199015538394
0 0 0 L 2199015537875
0 0 0 L 2199015537136
0 0 0 L 2199015537600
0 0 0 L 2199015536466
0 0 0 L 2199015536574
0 0 0 S 2199015595412
0 0 0 L 2199015538395
0 0 0 L 2199015536931
0 0 0 L 2199015537627
0 0 0 L 2199015536540
0 0 0 L 2199015537843
0 0 0 L 2199015536762
0 0 0 L 2199015537740
0 0 0 L 2199015536437
0 0 0 L 2199015536511
0 0 0 S 2199015595417
0 0 0 L 2199015538396
0 0 0 L 2199015538397
0 0 0 L 2199015595329
0 0 0 L 2199015538398
0 0 0 L 2199015538399
0 0 0 L 2199015538400
0 0 0 L 2199015538401
0 0 0 L 2199015558996
0 0 0 L 2199015559103
0 0 0 L 2199021158022
0 0 0 L 2199021158025
0 0 0 L 2199021158028
0 0 0 L 2199021158023
0 0 0 L 2199021158024
0 0 0 L 2199015630016
0 0 0 L 2199015685917
0 0 0 S 2199015629997
0 0 0 S 2199015629998
0 0 0 L 2199015596000
0 0 0 L 2199015596001
0 0 0 L 2199015596002
0 0 0 S 2199015629999
0 0 0 L 2199015596003
0 0 0 L 2199015596004
0 0 0 L 2199015596005
0 0 0 S 2199015630000
0 0 0 L 2199015596006
0 0 0 L 2199015596007
0 0 0 L 2199015596008
0 0 0 S 2199015630001
0 0 0 L 2199015596009
0 0 0 L 2199015596010
0 0 0 L 2199015596011
0 0 0 S 2199015630002
0 0 0 L 2199015596012
0 0 0 L 2199015596013
0 0 0 L 2199015596014
0 0 0 S 2199015630003
0 0 0 L 2199015596015
0 0 0 L 2199015596016
0 0 0 L 2199015596017
0 0 0 S 2199015630004
0 0 0 L 2199015596018
0 0 0 L 2199015596019
0 0 0 L 2199015596020
0 0 0 S 2199015630025
0 0 0 L 2199015596021
0 0 0 L 2199015596022
0 0 0 L 2199015595775
0 0 0 L 2199015595900
0 0 0 L 2199015596023
0 0 0 S 2199015630014
0 0 0 L 2199015595776
0 0 0 L 2199015595964
0 0 0 L 2199015536742
0 0 0 L 2199015537710
0 0 0 L 2199015595778
0 0 0 L 2199015595906
0 0 0 L 2199015632574
0 0 0 L 2199015632602
0 0 0 L 2199015536481
0 0 0 L 2199015536608
0 0 0 L 2199015537344
0 0 0 L 2199015537749
0 0 0 L 2199015537892
0 0 0 L 2199015596024
0 0 0 L 2199015595981
0 0 0 L 2199015595780
0 0 0 L 2199015595962
0 0 0 L 2199015536526
0 0 0 L 2199015536848
0 0 0 L 2199015536849
0 0 0 L 2199015537659
0 0 0 L 2199015537851
0 0 0 L 2199015595787
0 0 0 L 2199015595902
0 0 0 L 2199015536428
0 0 0 L 2199015536493
0 0 0 L 2199015595788
0 0 0 L 2199015595903
0 0 0 L 2199015596025
0 0 0 L 2199015595982
0 0 0 L 2199015595795
0 0 0 L 2199015595958
0 0 0 L 2199015536453
0 0 0 L 2199015536545
0 0 0 L 2199015536963
0 0 0 L 2199015537498
0 0 0 L 2199015595959
0 0 0 L 2199015537860
0 0 0 L 2199015595796
0 0 0 L 2199015536460
0 0 0 L 2199015536562
0 0 0 L 2199015537067
0 0 0 L 2199015537678
0 0 0 L 2199015595797
0 0 0 L 2199015537328
0 0 0 L 2199015537329
0 0 0 L 2199015596026
0 0 0 S 2199015630015
0 0 0 L 2199015595798
0 0 0 L 2199015595901
0 0 0 L 2199015595802
0 0 0 L 2199015596027
0 0 0 L 2199015595803
0 0 0 L 2199015595983
0 0 0 L 2199015595804
0 0 0 L 2199015595957
0 0 0 L 2199015537420
0 0 0 L 2199015537819
0 0 0 L 2199015536480
0 0 0 L 2199015537332
0 0 0 L 2199015596028
0 0 0 L 2199015596029
0 0 0 L 2199015596030
0 0 0 L 2199015630017
0 0 0 L 2199015596031
0 0 0 L 2199015596032
0 0 0 L 2199015596033
0 0 0 L 2199015630018
0 0 0 L 2199015596034
0 0 0 L 2199015596035
0 0 0 L 2199015596036
0 0 0 L 2199015630019
0 0 0 L 2199015596037
0 0 0 L 2199015596038
0 0 0 L 2199015596039
0 0 0 L 2199015630020
0 0 0 L 2199015596040
0 0 0 L 2199015596041
0 0 0 L 2199015596042
0 0 0 L 2199015630021
0 0 0 L 2199015596043
0 0 0 L 2199015596044
0 0 0 L 2199015596045
0 0 0 L 2199015630022
0 0 0 L 2199015596046
0 0 0 L 2199015596047
0 0 0 L 2199015596048
0 0 0 L 2199015630023
0 0 0 L 2199015596049
0 0 0 L 2199015596050
0 0 0 L 2199015596051
0 0 0 L 2199015630024
0 0 0 L 2199015596052
0 0 0 L 2199015596053
0 0 0 L 2199015596054
0 0 0 L 2199015596055
0 0 0 L 2199015681856
0 0 0 S 2199015681845
0 0 0 L 2199015632838
0 0 0 L 2199015632819
0 0 0 L 2199015632605
0 0 0 L 2199015632766
0 0 0 L 2199015632767
0 0 0 S 2199015681854
0 0 0 L 2199015632839
0 0 0 L 2199015632606
0 0 0 L 2199015632773
0 0 0 L 2199015632774
0 0 0 L 2199015537711
0 0 0 L 2199015632608
0 0 0 L 2199015632771
0 0 0 S 2199015681855
0 0 0 L 2199015632840
0 0 0 L 2199015632829
0 0 0 L 2199015632733
0 0 0 L 2199015632768
0 0 0 L 2199015632568
0 0 0 L 2199015632599
0 0 0 L 2199015632730
0 0 0 L 2199015632567
0 0 0 L 2199015632598
0 0 0 L 2199015632609
0 0 0 L 2199015632841
0 0 0 L 2199015632830
0 0 0 L 2199015632738
0 0 0 L 2199015632570
0 0 0 L 2199015632600
0 0 0 L 2199015632610
0 0 0 L 2199015632842
0 0 0 L 2199015632785
0 0 0 L 2199015632843
0 0 0 L 2199015681857
0 0 0 L 2199015632844
0 0 0 L 2199015632845
0 0 0 L 2199015681858
0 0 0 L 2199015632846
0 0 0 L 2199015632847
0 0 0 L 2199015632848
0 0 0 L 2199015632849
0 0 0 L 2199015632850
0 0 0 L 2199015632851
0 0 0 L 1466015514816
0 0 0 S 1466015514806
0 0 0 L 1466015481886
0 0 0 S 1466015514818
0 0 0 L 1466015481870
0 0 0 L 1466015481879
0 0 0 L 1466015481887
0 0 0 S 1466015514815
0 0 0 L 1466015481873
0 0 0 L 1466015481882
0 0 0 L 2199015536622
0 0 0 L 2199015537425
0 0 0 L 2199015537899
0 0 0 L 1466015481888
0 0 0 L 1466015481877
0 0 0 L 1466015481889
0 0 0 L 1466015481890
0 0 0 L 1466015481891
0 0 0 L 1466015514817
0 0 0 L 1466015481892
0 0 0 L 1466015481893
0 0 0 L 1466015481894
0 0 0 L 1466015481895
0 0 0 S 2199015630618
0 0 0 S 2199015630619
0 0 0 L 2199021158263
0 0 0 L 2199015595754
0 0 0 L 2199015537614
0 0 0 L 2199015536449
0 0 0 L 2199015536537
0 0 0 L 2199015536917
0 0 0 L 2199015537540
0 0 0 L 2199015537856
0 0 0 L 2199021123165
0 0 0 L 2199015536814
0 0 0 L 2199015537762
0 0 0 S 2199023255469
0 0 0 S 2199015630283
0 0 0 S 2199023255462
0 0 0 L 2199015595800
0 0 0 L 2199015536416
0 0 0 L 2199021123151
0 0 0 S 2199015630286
0 0 0 L 2199015595773
0 0 0 L 2199015595729
0 0 0 L 2199015595758
0 0 0 L 2199015536427
0 0 0 L 2199015536491
0 0 0 L 2199015536639
0 0 0 L 2199015537616
0 0 0 L 2199015537617
0 0 0 S 2199015630287
0 0 0 S 2199015630288
0 0 0 L 2199015595792
0 0 0 L 2199015536431
0 0 0 L 2199015536499
0 0 0 L 2199015536500
0 0 0 L 2199015536691
0 0 0 L 2199015537744
0 0 0 S 2199015595675
0 0 0 S 2199023255464
0 0 0 L 2199015595676
0 0 0 L 2199015595551
0 0 0 L 2199015595552
0 0 0 S 2199015595669
0 0 0 S 2199015595670
0 0 0 S 2199015595671
0 0 0 S 2199015595672
0 0 0 S 2199015595673
0 0 0 S 2199015595674
0 0 0 S 2199015630289
0 0 0 S 2199015595330
0 0 0 S 2199015595660
0 0 0 S 2199015595659
0 0 0 S 2199015595516
0 0 0 S 2199023255463
0 0 0 L 2199021158026
0 0 0 L 2199021158027
0 0 0 L 2199023255479
0 0 0 L 2199015558747
0 0 0 L 2199015558745
0 0 0 L 2199015558744
0 0 0 L 2199015558743
0 0 0 L 2199015558749
0 0 0 L 2199015558751
0 0 0 L 2199015558750
0 0 0 L 2199015558748
0 0 0 L 2199015558746
0 0 0 S 2199015595335
0 0 0 S 2199015595334
0 0 0 S 2199015595666
0 0 0 L 2199015595456
0 0 0 L 2199015595665
0 0 0 L 1466015481871
0 0 0 L 2199015536439
0 0 0 L 2199015536515
0 0 0 L 2199015536781
0 0 0 L 1466015481983
0 0 0 L 2199015595416
0 0 0 L 2199015595485
0 0 0 L 2199015595333
0 0 0 L 2199015537569
0 0 0 L 2199015537570
0 0 0 L 2199015536633
0 0 0 L 2199015536634
0 0 0 L 2199015536635
0 0 0 L 2199015536636
0 0 0 L 2199015536637
0 0 0 L 2199015536638
0 0 0 L 2199015536640
0 0 0 L 2199015536641
0 0 0 L 2199015536642
0 0 0 L 2199015536643
0 0 0 L 2199015536492
0 0 0 L 2199015536644
0 0 0 L 2199015536645
0 0 0 L 2199015536646
0 0 0 L 2199015536647
0 0 0 L 2199015536648
0 0 0 L 2199015536649
0 0 0 L 2199015536650
0 0 0 L 2199015536651
0 0 0 L 2199015536652
0 0 0 L 2199015536653
0 0 0 L 2199015536654
0 0 0 L 2199015536655
0 0 0 L 2199015536656
0 0 0 L 2199015536657
0 0 0 L 2199015536659
0 0 0 L 2199015536660
0 0 0 L 2199015536661
0 0 0 L 2199015536495
0 0 0 L 2199015536662
0 0 0 L 2199015536663
0 0 0 L 2199015536664
0 0 0 L 2199015536665
0 0 0 L 2199015536666
0 0 0 L 2199015536430
0 0 0 L 2199015536667
0 0 0 L 2199015536496
0 0 0 L 2199015536668
0 0 0 L 2199015536669
0 0 0 L 2199015536670
0 0 0 L 2199015536671
0 0 0 L 2199015536672
0 0 0 L 2199015536673
0 0 0 L 2199015536497
0 0 0 L 2199015536674
0 0 0 L 2199015536675
0 0 0 L 2199015536676
0 0 0 L 2199015536677
0 0 0 L 2199015536678
0 0 0 L 2199015536679
0 0 0 L 2199015536498
0 0 0 L 2199015536680
0 0 0 L 2199015536681
0 0 0 L 2199015536682
0 0 0 L 2199015536683
0 0 0 L 2199015536684
0 0 0 L 2199015536685
0 0 0 L 2199015536686
0 0 0 L 2199015536687
0 0 0 L 2199015536688
0 0 0 L 2199015536689
0 0 0 L 2199015536690
0 0 0 L 2199015536692
0 0 0 L 2199015536693
0 0 0 L 2199015536694
0 0 0 L 2199015536695
0 0 0 L 2199015536696
0 0 0 L 2199015536697
0 0 0 L 2199015536698
0 0 0 L 2199015536699
0 0 0 L 2199015536701
0 0 0 L 2199015536702
0 0 0 L 2199015536704
0 0 0 L 2199015536705
0 0 0 L 2199015536707
0 0 0 L 2199015536708
0 0 0 L 2199015536709
0 0 0 L 2199015536711
0 0 0 L 2199015536712
0 0 0 L 2199015536713
0 0 0 L 2199015536714
0 0 0 L 2199015536434
0 0 0 L 2199015536715
0 0 0 L 2199015536504
0 0 0 L 2199015536716
0 0 0 L 2199015536717
0 0 0 L 2199015536718
0 0 0 L 2199015536719
0 0 0 L 2199015536720
0 0 0 L 2199015536721
0 0 0 L 2199015536505
0 0 0 L 2199015536722
0 0 0 L 2199015536723
0 0 0 L 2199015536724
0 0 0 L 2199015536725
0 0 0 L 2199015536726
0 0 0 L 2199015536727
0 0 0 L 2199015536728
0 0 0 L 2199015536729
0 0 0 L 2199015536731
0 0 0 L 2199015536733
0 0 0 L 2199015536734
0 0 0 L 2199015536735
0 0 0 L 2199015536737
0 0 0 L 2199015536738
0 0 0 L 2199015536739
0 0 0 L 2199015536740
0 0 0 L 2199015536741
0 0 0 L 2199015536743
0 0 0 L 2199015536744
0 0 0 L 2199015536746
0 0 0 L 2199015536747
0 0 0 L 2199015536748
0 0 0 L 2199015536749
0 0 0 L 2199015536750
0 0 0 L 2199015536751
0 0 0 L 2199015536510
0 0 0 L 2199015536752
0 0 0 L 2199015536753
0 0 0 L 2199015536754
0 0 0 L 2199015536755
0 0 0 L 2199015536756
0 0 0 L 2199015536757
0 0 0 L 2199015536758
0 0 0 L 2199015536759
0 0 0 L 2199015536760
0 0 0 L 2199015536761
0 0 0 L 2199015536763
0 0 0 L 2199015536512
0 0 0 L 2199015536764
0 0 0 L 2199015536765
0 0 0 L 2199015536766
0 0 0 L 2199015536767
0 0 0 L 2199015536768
0 0 0 L 2199015536769
0 0 0 L 2199015536513
0 0 0 L 2199015536770
0 0 0 L 2199015536771
0 0 0 L 2199015536772
0 0 0 L 2199015536773
0 0 0 L 2199015536774
0 0 0 L 2199015536775
0 0 0 L 2199015536776
0 0 0 L 2199015536777
0 0 0 L 2199015536779
0 0 0 L 2199015536780
0 0 0 L 2199015536782
0 0 0 L 2199015536783
0 0 0 L 2199015536784
0 0 0 L 2199015536785
0 0 0 L 2199015536786
0 0 0 L 2199015536787
0 0 0 L 2199015536516
0 0 0 L 2199015536788
0 0 0 L 2199015536789
0 0 0 L 2199015536790
0 0 0 L 2199015536791
0 0 0 L 2199015536792
0 0 0 L 2199015536440
0 0 0 L 2199015536793
0 0 0 L 2199015536517
0 0 0 L 2199015536794
0 0 0 L 2199015536795
0 0 0 L 2199015536796
0 0 0 L 2199015536797
0 0 0 L 2199015536798
0 0 0 L 2199015536799
0 0 0 L 2199015536518
0 0 0 L 2199015536800
0 0 0 L 2199015536801
0 0 0 L 2199015536802
0 0 0 L 2199015536803
0 0 0 L 2199015536804
0 0 0 L 2199015536805
0 0 0 L 2199015536519
0 0 0 L 2199015536806
0 0 0 L 2199015536807
0 0 0 L 2199015536808
0 0 0 L 2199015536809
0 0 0 L 2199015536810
0 0 0 L 2199015536811
0 0 0 L 2199015536813
0 0 0 L 2199015536815
0 0 0 L 2199015536816
0 0 0 L 2199015536817
0 0 0 L 2199015536521
0 0 0 L 2199015536818
0 0 0 L 2199015536819
0 0 0 L 2199015536820
0 0 0 L 2199015536821
0 0 0 L 2199015536822
0 0 0 L 2199015536824
0 0 0 L 2199015536825
0 0 0 L 2199015536826
0 0 0 L 2199015536827
0 0 0 L 2199015536443
0 0 0 L 2199015536828
0 0 0 L 2199015536829
0 0 0 L 2199015536523
0 0 0 L 2199015536830
0 0 0 L 2199015536831
0 0 0 L 2199015536832
0 0 0 L 2199015536833
0 0 0 L 2199015536834
0 0 0 L 2199015536835
0 0 0 L 2199015536836
0 0 0 L 2199015536837
0 0 0 L 2199015536838
0 0 0 L 2199015536839
0 0 0 L 2199015536840
0 0 0 L 2199015536525
0 0 0 L 2199015536842
0 0 0 L 2199015536843
0 0 0 L 2199015536844
0 0 0 L 2199015536845
0 0 0 L 2199015536846
0 0 0 L 2199015536847
0 0 0 L 2199015536445
0 0 0 L 2199015536850
0 0 0 L 2199015536851
0 0 0 L 2199015536852
0 0 0 L 2199015536853
0 0 0 L 2199015536527
0 0 0 L 2199015536854
0 0 0 L 2199015536855
0 0 0 L 2199015536856
0 0 0 L 2199015536857
0 0 0 L 2199015536858
0 0 0 L 2199015536859
0 0 0 L 2199015536528
0 0 0 L 2199015536860
0 0 0 L 2199015536861
0 0 0 L 2199015536862
0 0 0 L 2199015536446
0 0 0 L 2199015536863
0 0 0 L 2199015536864
0 0 0 L 2199015536865
0 0 0 L 2199015536529
0 0 0 L 2199015536866
0 0 0 L 2199015536867
0 0 0 L 2199015536868
0 0 0 L 2199015536869
0 0 0 L 2199015536870
0 0 0 L 2199015536871
0 0 0 L 2199015536530
0 0 0 L 2199015536872
0 0 0 L 2199015536873
0 0 0 L 2199015536874
0 0 0 L 2199015536875
0 0 0 L 2199015536876
0 0 0 L 2199015536877
0 0 0 L 2199015536531
0 0 0 L 2199015536878
0 0 0 L 2199015536879
0 0 0 L 2199015536880
0 0 0 L 2199015536881
0 0 0 L 2199015536882
0 0 0 L 2199015536883
0 0 0 L 2199015536884
0 0 0 L 2199015536885
0 0 0 L 2199015536887
0 0 0 L 2199015536888
0 0 0 L 2199015536533
0 0 0 L 2199015536890
0 0 0 L 2199015536891
0 0 0 L 2199015536892
0 0 0 L 2199015536893
0 0 0 L 2199015536894
0 0 0 L 2199015536448
0 0 0 L 2199015536895
0 0 0 L 2199015536534
0 0 0 L 2199015536896
0 0 0 L 2199015536897
0 0 0 L 2199015536898
0 0 0 L 2199015536899
0 0 0 L 2199015536900
0 0 0 L 2199015536901
0 0 0 L 2199015536535
0 0 0 L 2199015536902
0 0 0 L 2199015536903
0 0 0 L 2199015536904
0 0 0 L 2199015536906
0 0 0 L 2199015536907
0 0 0 L 2199015536536
0 0 0 L 2199015536908
0 0 0 L 2199015536909
0 0 0 L 2199015536910
0 0 0 L 2199015536911
0 0 0 L 2199015536912
0 0 0 L 2199015536913
0 0 0 L 2199015536914
0 0 0 L 2199015536915
0 0 0 L 2199015536916
0 0 0 L 2199015536918
0 0 0 L 2199015536919
0 0 0 L 2199015536920
0 0 0 L 2199015536921
0 0 0 L 2199015536922
0 0 0 L 2199015536923
0 0 0 L 2199015536924
0 0 0 L 2199015536926
0 0 0 L 2199015536927
0 0 0 L 2199015536928
0 0 0 L 2199015536929
0 0 0 L 2199015536930
0 0 0 L 2199015536932
0 0 0 L 2199015536933
0 0 0 L 2199015536934
0 0 0 L 2199015536935
0 0 0 L 2199015536936
0 0 0 L 2199015536937
0 0 0 L 2199015536938
0 0 0 L 2199015536940
0 0 0 L 2199015536941
0 0 0 L 2199015536942
0 0 0 L 2199015536943
0 0 0 L 2199015536542
0 0 0 L 2199015536944
0 0 0 L 2199015536945
0 0 0 L 2199015536946
0 0 0 L 2199015536947
0 0 0 L 2199015536948
0 0 0 L 2199015536452
0 0 0 L 2199015536949
0 0 0 L 2199015536543
0 0 0 L 2199015536950
0 0 0 L 2199015536951
0 0 0 L 2199015536952
0 0 0 L 2199015536953
0 0 0 L 2199015536954
0 0 0 L 2199015536955
0 0 0 L 2199015536544
0 0 0 L 2199015536956
0 0 0 L 2199015536957
0 0 0 L 2199015536958
0 0 0 L 2199015536959
0 0 0 L 2199015536960
0 0 0 L 2199015536961
0 0 0 L 2199015536962
0 0 0 L 2199015536964
0 0 0 L 2199015536965
0 0 0 L 2199015536966
0 0 0 L 2199015536967
0 0 0 L 2199015536546
0 0 0 L 2199015536968
0 0 0 L 2199015536969
0 0 0 L 2199015536970
0 0 0 L 2199015536971
0 0 0 L 2199015536972
0 0 0 L 2199015536973
0 0 0 L 2199015536547
0 0 0 L 2199015536974
0 0 0 L 2199015536975
0 0 0 L 2199015536976
0 0 0 L 2199015536977
0 0 0 L 2199015536454
0 0 0 L 2199015536978
0 0 0 L 2199015536979
0 0 0 L 2199015536548
0 0 0 L 2199015536980
0 0 0 L 2199015536981
0 0 0 L 2199015536982
0 0 0 L 2199015536983
0 0 0 L 2199015536984
0 0 0 L 2199015536985
0 0 0 L 2199015536549
0 0 0 L 2199015536986
0 0 0 L 2199015536987
0 0 0 L 2199015536988
0 0 0 L 2199015536989
0 0 0 L 2199015536455
0 0 0 L 2199015536990
0 0 0 L 2199015536991
0 0 0 L 2199015536550
0 0 0 L 2199015536992
0 0 0 L 2199015536993
0 0 0 L 2199015536994
0 0 0 L 2199015536995
0 0 0 L 2199015536996
0 0 0 L 2199015536997
0 0 0 L 2199015536551
0 0 0 L 2199015536998
0 0 0 L 2199015536999
0 0 0 L 2199015537000
0 0 0 L 2199015536456
0 0 0 L 2199015537001
0 0 0 L 2199015537002
0 0 0 L 2199015537003
0 0 0 L 2199015536552
0 0 0 L 2199015537004
0 0 0 L 2199015537005
0 0 0 L 2199015537006
0 0 0 L 2199015537007
0 0 0 L 2199015537008
0 0 0 L 2199015537009
0 0 0 L 2199015536553
0 0 0 L 2199015537010
0 0 0 L 2199015537011
0 0 0 L 2199015537012
0 0 0 L 2199015537013
0 0 0 L 2199015537014
0 0 0 L 2199015537015
0 0 0 L 2199015537016
0 0 0 L 2199015537017
0 0 0 L 2199015537018
0 0 0 L 2199015537019
0 0 0 L 2199015537020
0 0 0 L 2199015537022
0 0 0 L 2199015537024
0 0 0 L 2199015537025
0 0 0 L 2199015537027
0 0 0 L 2199015536556
0 0 0 L 2199015537028
0 0 0 L 2199015537029
0 0 0 L 2199015537030
0 0 0 L 2199015537031
0 0 0 L 2199015537032
0 0 0 L 2199015537033
0 0 0 L 2199015537034
0 0 0 L 2199015537035
0 0 0 L 2199015537036
0 0 0 L 2199015537037
0 0 0 L 2199015537039
0 0 0 L 2199015536558
0 0 0 L 2199015537040
0 0 0 L 2199015537041
0 0 0 L 2199015537042
0 0 0 L 2199015537043
0 0 0 L 2199015537044
0 0 0 L 2199015537045
0 0 0 L 2199015537046
0 0 0 L 2199015537047
0 0 0 L 2199015537048
0 0 0 L 2199015537049
0 0 0 L 2199015537051
0 0 0 L 2199015536560
0 0 0 L 2199015537052
0 0 0 L 2199015537053
0 0 0 L 2199015537054
0 0 0 L 2199015537055
0 0 0 L 2199015537056
0 0 0 L 2199015537057
0 0 0 L 2199015536561
0 0 0 L 2199015537058
0 0 0 L 2199015537059
0 0 0 L 2199015537060
0 0 0 L 2199015537061
0 0 0 L 2199015537062
0 0 0 L 2199015537063
0 0 0 L 2199015537064
0 0 0 L 2199015537065
0 0 0 L 2199015537066
0 0 0 L 2199015537068
0 0 0 L 2199015537069
0 0 0 L 2199015537070
0 0 0 L 2199015537071
0 0 0 L 2199015537072
0 0 0 L 2199015537073
0 0 0 L 2199015537076
0 0 0 L 2199015537078
0 0 0 L 2199015537079
0 0 0 L 2199015537080
0 0 0 L 2199015537081
0 0 0 L 2199015536565
0 0 0 L 2199015537082
0 0 0 L 2199015537083
0 0 0 L 2199015537084
0 0 0 L 2199015537085
0 0 0 L 2199015537086
0 0 0 L 2199015537087
0 0 0 L 2199015536566
0 0 0 L 2199015537088
0 0 0 L 2199015537089
0 0 0 L 2199015537090
0 0 0 L 2199015537091
0 0 0 L 2199015537092
0 0 0 L 2199015537093
0 0 0 L 2199015537094
0 0 0 L 2199015537095
0 0 0 L 2199015537096
0 0 0 L 2199015537098
0 0 0 L 2199015537099
0 0 0 L 2199015536568
0 0 0 L 2199015537100
0 0 0 L 2199015537101
0 0 0 L 2199015537102
0 0 0 L 2199015537103
0 0 0 L 2199015537104
0 0 0 L 2199015537105
0 0 0 L 2199015537106
0 0 0 L 2199015537107
0 0 0 L 2199015537108
0 0 0 L 2199015537110
0 0 0 L 2199015537111
0 0 0 L 2199015537112
0 0 0 L 2199015537113
0 0 0 L 2199015537118
0 0 0 L 2199015537119
0 0 0 L 2199015537120
0 0 0 L 2199015537121
0 0 0 L 2199015537122
0 0 0 L 2199015537123
0 0 0 L 2199015537124
0 0 0 L 2199015537125
0 0 0 L 2199015537127
0 0 0 L 2199015537128
0 0 0 L 2199015537129
0 0 0 L 2199015537133
0 0 0 L 2199015537134
0 0 0 L 2199015537135
0 0 0 L 2199015537137
0 0 0 L 2199015537138
0 0 0 L 2199015537139
0 0 0 L 2199015537140
0 0 0 L 2199015537141
0 0 0 L 2199015536575
0 0 0 L 2199015537142
0 0 0 L 2199015537143
0 0 0 L 2199015537144
0 0 0 L 2199015537145
0 0 0 L 2199015537146
0 0 0 L 2199015537147
0 0 0 L 2199015537149
0 0 0 L 2199015537152
0 0 0 L 2199015537153
0 0 0 L 2199015537154
0 0 0 L 2199015537155
0 0 0 L 2199015537157
0 0 0 L 2199015537158
0 0 0 L 2199015537159
0 0 0 L 2199015536578
0 0 0 L 2199015536468
0 0 0 L 2199015537160
0 0 0 L 2199015537161
0 0 0 L 2199015537162
0 0 0 L 2199015537163
0 0 0 L 2199015537164
0 0 0 L 2199015537165
0 0 0 L 2199015536579
0 0 0 L 2199015537166
0 0 0 L 2199015537167
0 0 0 L 2199015537168
0 0 0 L 2199015537169
0 0 0 L 2199015537170
0 0 0 L 2199015537171
0 0 0 L 2199015536580
0 0 0 L 2199015537172
0 0 0 L 2199015537173
0 0 0 L 2199015537174
0 0 0 L 2199015537175
0 0 0 L 2199015537176
0 0 0 L 2199015537177
0 0 0 L 2199015536581
0 0 0 L 2199015537178
0 0 0 L 2199015537179
0 0 0 L 2199015537180
0 0 0 L 2199015537181
0 0 0 L 2199015537182
0 0 0 L 2199015537183
0 0 0 L 2199015537184
0 0 0 L 2199015537185
0 0 0 L 2199015537186
0 0 0 L 2199015537188
0 0 0 L 2199015537189
0 0 0 L 2199015537190
0 0 0 L 2199015537191
0 0 0 L 2199015537192
0 0 0 L 2199015537195
0 0 0 L 2199015537198
0 0 0 L 2199015537199
0 0 0 L 2199015537200
0 0 0 L 2199015537201
0 0 0 L 2199015536585
0 0 0 L 2199015537202
0 0 0 L 2199015537203
0 0 0 L 2199015537204
0 0 0 L 2199015537205
0 0 0 L 2199015537206
0 0 0 L 2199015537207
0 0 0 L 2199015537208
0 0 0 L 2199015537209
0 0 0 L 2199015537210
0 0 0 L 2199015537211
0 0 0 L 2199015537213
0 0 0 L 2199015537214
0 0 0 L 2199015537215
0 0 0 L 2199015537216
0 0 0 L 2199015537217
0 0 0 L 2199015537220
0 0 0 L 2199015537221
0 0 0 L 2199015537222
0 0 0 L 2199015537223
0 0 0 L 2199015537224
0 0 0 L 2199015536473
0 0 0 L 2199015537225
0 0 0 L 2199015536589
0 0 0 L 2199015537226
0 0 0 L 2199015537227
0 0 0 L 2199015537228
0 0 0 L 2199015537229
0 0 0 L 2199015537230
0 0 0 L 2199015537231
0 0 0 L 2199015536590
0 0 0 L 2199015537232
0 0 0 L 2199015537233
0 0 0 L 2199015537234
0 0 0 L 2199015537235
0 0 0 L 2199015537236
0 0 0 L 2199015537237
0 0 0 L 2199015536591
0 0 0 L 2199015537238
0 0 0 L 2199015537239
0 0 0 L 2199015537240
0 0 0 L 2199015537241
0 0 0 L 2199015537242
0 0 0 L 2199015537243
0 0 0 L 2199015536474
0 0 0 L 2199015536592
0 0 0 L 2199015537244
0 0 0 L 2199015537245
0 0 0 L 2199015537246
0 0 0 L 2199015537247
0 0 0 L 2199015537248
0 0 0 L 2199015537249
0 0 0 L 2199015536593
0 0 0 L 2199015537250
0 0 0 L 2199015537251
0 0 0 L 2199015537252
0 0 0 L 2199015537253
0 0 0 L 2199015537254
0 0 0 L 2199015537255
0 0 0 L 2199015536594
0 0 0 L 2199015537256
0 0 0 L 2199015537257
0 0 0 L 2199015537258
0 0 0 L 2199015537259
0 0 0 L 2199015537260
0 0 0 L 2199015536475
0 0 0 L 2199015537261
0 0 0 L 2199015536595
0 0 0 L 2199015537262
0 0 0 L 2199015537263
0 0 0 L 2199015537264
0 0 0 L 2199015537265
0 0 0 L 2199015537266
0 0 0 L 2199015537267
0 0 0 L 2199015536596
0 0 0 L 2199015537268
0 0 0 L 2199015537269
0 0 0 L 2199015537270
0 0 0 L 2199015537271
0 0 0 L 2199015537272
0 0 0 L 2199015537273
0 0 0 L 2199015536597
0 0 0 L 2199015537274
0 0 0 L 2199015537275
0 0 0 L 2199015537276
0 0 0 L 2199015537277
0 0 0 L 2199015537278
0 0 0 L 2199015537279
0 0 0 L 2199015537280
0 0 0 L 2199015537281
0 0 0 L 2199015537282
0 0 0 L 2199015537283
0 0 0 L 2199015537285
0 0 0 L 2199015537286
0 0 0 L 2199015537288
0 0 0 L 2199015537289
0 0 0 L 2199015537290
0 0 0 L 2199015537291
0 0 0 L 2199015536600
0 0 0 L 2199015537292
0 0 0 L 2199015537293
0 0 0 L 2199015537294
0 0 0 L 2199015537295
0 0 0 L 2199015537296
0 0 0 L 2199015537297
0 0 0 L 2199015537298
0 0 0 L 2199015537299
0 0 0 L 2199015537300
0 0 0 L 2199015537302
0 0 0 L 2199015537303
0 0 0 L 2199015537305
0 0 0 L 2199015537306
0 0 0 L 2199015537307
0 0 0 L 2199015537308
0 0 0 L 2199015537309
0 0 0 L 2199015537310
0 0 0 L 2199015537311
0 0 0 L 2199015537312
0 0 0 L 2199015537313
0 0 0 L 2199015537314
0 0 0 L 2199015537316
0 0 0 L 2199015537317
0 0 0 L 2199015537318
0 0 0 L 2199015537319
0 0 0 L 2199015537320
0 0 0 L 2199015537321
0 0 0 L 2199015536605
0 0 0 L 2199015537322
0 0 0 L 2199015537323
0 0 0 L 2199015537324
0 0 0 L 2199015537325
0 0 0 L 2199015537326
0 0 0 L 2199015537327
0 0 0 L 2199015537331
0 0 0 L 2199015537333
0 0 0 L 2199015536607
0 0 0 L 2199015537334
0 0 0 L 2199015537335
0 0 0 L 2199015537336
0 0 0 L 2199015537337
0 0 0 L 2199015537338
0 0 0 L 2199015537339
0 0 0 L 2199015537340
0 0 0 L 2199015537341
0 0 0 L 2199015537342
0 0 0 L 2199015537343
0 0 0 L 2199015537345
0 0 0 L 2199015536609
0 0 0 L 2199015537346
0 0 0 L 2199015537347
0 0 0 L 2199015537348
0 0 0 L 2199015537349
0 0 0 L 2199015537350
0 0 0 L 2199015537351
0 0 0 L 2199015536610
0 0 0 L 2199015537352
0 0 0 L 2199015537353
0 0 0 L 2199015537354
0 0 0 L 2199015537355
0 0 0 L 2199015537356
0 0 0 L 2199015537357
0 0 0 L 2199015536611
0 0 0 L 2199015537358
0 0 0 L 2199015537359
0 0 0 L 2199015537360
0 0 0 L 2199015537361
0 0 0 L 2199015537362
0 0 0 L 2199015537363
0 0 0 L 2199015537366
0 0 0 L 2199015537367
0 0 0 L 2199015537368
0 0 0 L 2199015537369
0 0 0 L 2199015537370
0 0 0 L 2199015537371
0 0 0 L 2199015537373
0 0 0 L 2199015537374
0 0 0 L 2199015537375
0 0 0 L 2199015536614
0 0 0 L 2199015537376
0 0 0 L 2199015537377
0 0 0 L 2199015537378
0 0 0 L 2199015537379
0 0 0 L 2199015537380
0 0 0 L 2199015537381
0 0 0 L 2199015537382
0 0 0 L 2199015537385
0 0 0 L 2199015537386
0 0 0 L 2199015537387
0 0 0 L 2199015536616
0 0 0 L 2199015537388
0 0 0 L 2199015537389
0 0 0 L 2199015537390
0 0 0 L 2199015537391
0 0 0 L 2199015537392
0 0 0 L 2199015537393
0 0 0 L 2199015536617
0 0 0 L 2199015537394
0 0 0 L 2199015537395
0 0 0 L 2199015537396
0 0 0 L 2199015537397
0 0 0 L 2199015537398
0 0 0 L 2199015537399
0 0 0 L 2199015537400
0 0 0 L 2199015537401
0 0 0 L 2199015537403
0 0 0 L 2199015537404
0 0 0 L 2199015537405
0 0 0 L 2199015537406
0 0 0 L 2199015537407
0 0 0 L 2199015537410
0 0 0 L 2199015537411
0 0 0 L 2199015537413
0 0 0 L 2199015537414
0 0 0 L 2199015537415
0 0 0 L 2199015537416
0 0 0 L 2199015537417
0 0 0 L 2199015537419
0 0 0 L 2199015537421
0 0 0 L 2199015537422
0 0 0 L 2199015537423
0 0 0 L 2199015537424
0 0 0 L 2199015537426
0 0 0 L 2199015537427
0 0 0 L 2199015537428
0 0 0 L 2199015537429
0 0 0 L 2199015536623
0 0 0 L 2199015536487
0 0 0 L 2199015537430
0 0 0 L 2199015537431
0 0 0 L 2199015537432
0 0 0 L 2199015537433
0 0 0 L 2199015537434
0 0 0 L 2199015537435
0 0 0 L 2199015536624
0 0 0 L 2199015537436
0 0 0 L 2199015537437
0 0 0 L 2199015537438
0 0 0 L 2199015537439
0 0 0 L 2199015537440
0 0 0 L 2199015537441
0 0 0 L 2199015536625
0 0 0 L 2199015537442
0 0 0 L 2199015537443
0 0 0 L 2199015537444
0 0 0 L 2199015537445
0 0 0 L 2199015537446
0 0 0 L 2199015537447
0 0 0 L 2199015537448
0 0 0 L 2199015537449
0 0 0 L 2199015537450
0 0 0 L 2199015537451
0 0 0 L 2199015537452
0 0 0 L 2199015537453
0 0 0 L 2199015536627
0 0 0 L 2199015537454
0 0 0 L 2199015537455
0 0 0 L 2199015537456
0 0 0 L 2199015537457
0 0 0 L 2199015537458
0 0 0 L 2199015537459
0 0 0 L 2199015537460
0 0 0 L 2199015537461
0 0 0 L 2199015537462
0 0 0 L 2199015537463
0 0 0 L 2199015537465
0 0 0 L 2199015537466
0 0 0 L 2199015537467
0 0 0 L 2199015537470
0 0 0 L 2199015537471
0 0 0 L 2199015537472
0 0 0 L 2199015595486
0 0 0 L 2199015595372
0 0 0 L 2199015595487
0 0 0 S 2199015595373
0 0 0 S 2199015595374
0 0 0 S 2199015595375
0 0 0 S 2199015595376
0 0 0 S 2199015595377
0 0 0 S 2199015595378
0 0 0 S 2199015595379
0 0 0 S 2199015595380
0 0 0 S 2199015595381
0 0 0 S 2199015595382
0 0 0 S 2199015595383
0 0 0 S 2199015595384
0 0 0 S 2199015595385
0 0 0 S 2199015595386
0 0 0 S 2199015595387
0 0 0 S 2199015595388
0 0 0 S 2199015595389
0 0 0 S 2199015595390
0 0 0 S 2199015595391
0 0 0 S 2199015595392
0 0 0 S 2199015595393
0 0 0 S 2199015595394
0 0 0 S 2199015595395
0 0 0 S 2199015595396
0 0 0 S 2199015595397
0 0 0 S 2199015595398
0 0 0 S 2199015595399
0 0 0 S 2199015595400
0 0 0 S 2199015595401
0 0 0 S 2199015595402
0 0 0 S 2199015595403
0 0 0 S 2199015595404
0 0 0 L 2199015595517
0 0 0 S 1466015514880
0 0 0 S 1466015514896
0 0 0 S 1466015514881
0 0 0 L 1466015481875
0 0 0 L 2199015595484
0 0 0 L 2199015595413
0 0 0 L 2199015595363
0 0 0 L 2199015595364
0 0 0 L 1466015481874
0 0 0 L 2199015595747
0 0 0 L 2199015537812
0 0 0 L 2199015537853
0 0 0 L 2199015557670
0 0 0 S 1466015514819
0 0 0 L 1466015481876
0 0 0 L 2199015537655
0 0 0 S 1466015514905
0 0 0 S 1466015514898
0 0 0 S 1466015514897
0 0 0 S 1466015514900
0 0 0 S 1466015514899
0 0 0 S 1466015514901
0 0 0 L 1466015481988
0 0 0 L 2199015559081
0 0 0 L 1466015481872
0 0 0 L 2199015537620
0 0 0 L 2199015537877
0 0 0 L 2199015559016
0 0 0 L 2199015558637
0 0 0 S 1466015514969
0 0 0 L 2199015558643
0 0 0 S 1466015514820
0 0 0 S 1466015514971
0 0 0 S 1466015514972
0 0 0 L 2199015557669
0 0 0 L 2199015558642
0 0 0 L 2199015557612
0 0 0 L 2199015557611
0 0 0 L 2199015559127
0 0 0 L 2199015557609
0 0 0 L 2199015558373
0 0 0 L 2199015558376
0 0 0 L 2199015558375
0 0 0 L 2199015558381
0 0 0 L 2199015558382
0 0 0 L 2199015557671
0 0 0 L 2199015559546
0 0 0 L 1466015514906
0 0 0 L 2199015558374
0 0 0 S 1466015514970
0 0 0 L 1466015514907
0 0 0 L 1466015514908
0 0 0 L 2199015537723
0 0 0 L 2199015537868
0 0 0 L 2199015595735
0 0 0 L 2199015595761
0 0 0 L 2199015595836
0 0 0 L 2199015595926
0 0 0 L 2199015595985
0 0 0 S 1466015514821
0 0 0 S 1466015514822
0 0 0 S 1466015514823
0 0 0 S 1466015514824
0 0 0 S 1466015514825
0 0 0 S 1466015514826
0 0 0 S 1466015514827
0 0 0 S 1466015514828
0 0 0 L 2199015537492
0 0 0 L 1466015481989
0 0 0 L 2199015558619
0 0 0 L 2199015558617
0 0 0 L 2199015558597
0 0 0 S 1466015514902
0 0 0 L 2199015595739
0 0 0 L 2199015595764
0 0 0 L 2199015595850
0 0 0 L 2199015595909
0 0 0 L 2199015595986
0 0 0 L 2199015595791
0 0 0 L 2199015595907
0 0 0 L 2199015537554
0 0 0 L 2199015630284
0 0 0 L 2199015595781
0 0 0 L 2199015595908
0 0 0 L 2199015537815
0 0 0 S 2199015495990
0 0 0 S 2199015495964
0 0 0 S 2199015495984
0 0 0 S 2199015495988
0 0 0 L 2199015595799
0 0 0 S 1466015514911
0 0 0 S 1466015514910
0 0 0 S 1466015514909
0 0 0 S 2199015495962
0 0 0 S 2199015495963
0 0 0 S 2199015495975
0 0 0 L 2199015595904
0 0 0 L 2199015632558
0 0 0 L 2199015537760
0 0 0 S 2199015495989
0 0 0 S 2199015495976
0 0 0 S 1466015514829
0 0 0 L 2199015537565
0 0 0 L 2199015595905
0 0 0 S 2199015495935
0 1 0 S 2199015495933
0 0 0 S 2199015216822
0 0 0 S 2199015216796
0 0 0 S 2199015216816
0 0 0 S 2199015216820
0 1 0 S 2199015495924
0 1 0 S 2199015495925
0 1 0 S 2199015495923
0 1 0 L 2199015595793
0 0 0 S 1466015514916
0 0 0 S 1466015514915
0 0 0 S 1466015514912
0 0 0 S 1466015514914
0 0 0 S 1466015514913
0 0 0 S 2199015216794
0 0 0 S 2199015216795
0 0 0 S 2199015216807
0 0 0 S 2199015216821
0 0 0 S 2199015216808
0 1 0 S 2199015495922
0 1 0 S 2199015495920
0 1 0 S 2199015495919
0 1 0 S 2199015495918
0 1 0 S 2199015495917
0 1 0 S 2199015495915
0 1 0 S 2199015495916
0 1 0 S 2199015495914
0 1 0 S 2199015495913
0 1 0 L 2199015537883
0 0 0 S 2199015216767
0 2 0 S 2199015216765
0 2 0 S 2199015216756
0 2 0 S 2199015216757
0 2 0 S 2199015216755
0 2 0 S 2199015216754
0 2 0 S 2199015216752
0 2 0 S 2199015216751
0 2 0 S 2199015216750
0 2 0 S 2199015216749
0 2 0 S 2199015216747
0 2 0 S 2199015216748
0 2 0 S 2199015216746
0 2 0 S 2199015216745
0 0 0 S 2199014937654
0 0 0 S 2199014937628
0 0 0 S 2199014937648
0 0 0 S 2199014937652
0 0 0 S 1466015514920
0 0 0 S 1466015514919
0 0 0 S 1466015514917
0 0 0 S 1466015514918
0 0 0 S 2199014937626
0 0 0 S 2199014937627
0 0 0 S 2199014937639
0 0 0 S 2199014937653
0 0 0 S 2199014937640
0 0 0 S 2199014937599
0 3 0 S 2199014937597
0 1 0 S 2199015495934
0 2 0 S 2199015216766
0 1 0 L 2199015595785
0 1 0 L 2199015537771
0 1 0 L 2199015537772
0 1 0 L 2199015537863
0 0 0 S 2199014658486
0 0 0 S 2199014658460
0 0 0 S 2199014658480
0 0 0 S 2199014658484
0 0 0 S 1466015514925
0 0 0 S 1466015514924
0 0 0 S 1466015514921
0 0 0 S 1466015514923
0 0 0 S 1466015514922
0 0 0 S 2199014658458
0 0 0 S 2199014658459
0 0 0 S 2199014658471
0 3 0 S 2199014937598
0 0 0 S 2199014658485
0 0 0 S 2199014658472
0 0 0 S 2199014658431
0 1 0 S 2199015495932
0 1 0 L 1466015481990
0 2 0 S 2199015216764
0 3 0 S 2199014937596
0 3 0 S 2199014937595
0 1 0 S 2199015495931
0 3 0 S 2199014937586
0 3 0 S 2199014937587
0 3 0 S 2199014937585
0 3 0 S 2199014937584
0 3 0 S 2199014937582
0 3 0 S 2199014937583
0 3 0 S 2199014937581
0 3 0 S 2199014937580
0 3 0 S 2199014937578
0 3 0 S 2199014937579
0 3 0 S 2199014937577
0 3 0 L 2199015632560
0 3 0 L 2199015632595
0 3 0 S 2199014937576
0 3 0 L 2199015632709
0 3 0 L 2199015632797
0 3 0 L 2199015632827
0 2 0 S 2199015216763
0 2 0 S 2199015216753
0 1 0 S 2199015495921
0 2 0 S 2199015216744
0 1 0 S 2199015495912
0 0 0 L 2199015595740
0 0 0 L 2199015595851
0 0 0 L 2199015595852
0 0 0 L 2199015595987
0 1 0 L 2199015639780
0 1 0 L 2199015643002
0 1 0 L 2199015643008
0 1 0 L 2199015643009
0 3 0 L 2199015632530
0 3 0 L 2199015632579
0 3 0 L 2199015632616
0 1 0 L 2199015642988
0 1 0 L 2199015642989
0 2 0 L 2199015642984
0 1 0 L 2199015642981
0 1 0 L 2199015641150
0 1 0 L 2199015643001
0 1 0 L 2199015642980
0 3 0 L 2199015642987
0 1 0 L 1466015481991
0 1 0 L 2199015642985
0 3 0 L 2199015642986
0 0 0 S 2199014658429
0 0 0 S 2199014658430
0 0 0 S 2199014658428
0 0 0 S 2199014658427
0 0 0 S 2199014658420
0 0 0 S 2199014658421
0 0 0 S 2199014658419
0 0 0 L 2199015595784
0 0 0 S 2199014658418
0 0 0 S 2199014658416
0 0 0 S 2199014658415
0 0 0 S 2199014658414
0 0 0 S 2199014658413
0 0 0 S 2199014658411
0 0 0 S 2199014658412
0 0 0 S 2199014658410
0 0 0 S 2199014658409
0 0 0 L 2199015537884
0 3 0 S 2199014937588
0 3 0 S 2199014937589
0 1 0 L 2199015537736
0 2 0 L 2199015216823
0 3 0 L 2199014937655
0 1 0 L 2199015495991
0 0 0 L 2199014658487
0 1 0 S 1466015514933
0 1 0 S 1466015514934
0 1 0 S 1466015514927
0 1 0 S 1466015514926
0 1 0 S 1466015514928
0 1 0 S 1466015514929
0 1 0 S 1466015514930
0 1 0 S 1466015515036
0 1 0 L 2199015558618
0 1 0 L 2199015558613
0 1 0 L 2199015559512
0 1 0 L 2199015559518
0 1 0 L 2199015557615
0 1 0 L 2199015558380
0 1 0 L 2199015558379
0 1 0 L 2199015558378
0 1 0 L 2199015558377
0 1 0 S 1466015514973
0 1 0 L 2199015595457
