1,ACT,0
17,RDA,0
56,ACT,0
72,WRA,0
126,ACT,0
142,RDA,0
181,ACT,0
197,WRA,0
251,ACT,0
267,WRA,0
268,ACT,15
284,WRA,15
338,ACT,15
354,WRA,15
408,ACT,15
424,WRA,15
478,ACT,15
494,WRA,15
548,ACT,15
564,WRA,15
565,ACT,0
581,WRA,0
635,ACT,0
651,WRA,0
705,ACT,0
721,WRA,0
722,ACT,10
750,RDA,10
751,ACT,12
767,RDA,12
768,ACT,8
784,WRA,8
785,ACT,0
801,WRA,0
855,ACT,0
871,WRA,0
872,ACT,15
888,WRA,15
925,ACT,0
941,RDA,0
980,ACT,0
996,RDA,0
1035,ACT,0
1051,RDA,0
1052,ACT,15
1068,RDA,15
1069,ACT,5
1085,WRA,5
1090,ACT,0
1106,WRA,0
1107,ACT,6
1135,RDA,6
1136,ACT,15
1152,RDA,15
1191,ACT,15
1207,RDA,15
1208,ACT,9
1224,WRA,9
1225,ACT,0
1253,RDA,0
1254,ACT,15
1270,RDA,15
1281,ACT,0
1297,WRA,0
1351,ACT,0
1367,RDA,0
1406,ACT,0
1422,RDA,0
1461,ACT,0
1477,WRA,0
1478,ACT,4
1506,RDA,4
1531,ACT,0
1547,RDA,0
1586,ACT,0
1602,RDA,0
1603,ACT,11
1619,WRA,11
1620,ACT,4
1648,RDA,4
1649,ACT,15
1665,RDA,15
1666,ACT,0
1682,RDA,0
1683,ACT,6
1699,RDA,6
1721,ACT,0
1737,RDA,0
1738,ACT,15
1754,RDA,15
1755,ACT,12
1771,RDA,12
1772,ACT,3
1788,RDA,3
1789,ACT,0
1805,RDA,0
1806,ACT,15
1822,RDA,15
1861,ACT,15
1877,RDA,15
1878,ACT,0
1894,RDA,0
1933,ACT,0
1949,RDA,0
1988,ACT,0
2004,RDA,0
2005,ACT,3
2021,RDA,3
2043,ACT,0
2059,RDA,0
2098,ACT,0
2114,RDA,0
2153,ACT,0
2169,RDA,0
2208,ACT,0
2224,RDA,0
2225,ACT,6
2241,RDA,6
2242,ACT,15
2258,RDA,15
2263,ACT,0
2279,RDA,0
2318,ACT,0
2334,RDA,0
2373,ACT,0
2389,WRA,0
2443,ACT,0
2459,RDA,0
2498,ACT,0
2514,RDA,0
2553,ACT,0
2569,WRA,0
2623,ACT,0
2639,RDA,0
2678,ACT,0
2694,RDA,0
2733,ACT,0
2749,RDA,0
2750,ACT,15
2766,RDA,15
2788,ACT,0
2804,RDA,0
2805,ACT,15
2821,WRA,15
2875,ACT,15
2891,WRA,15
2892,ACT,0
2920,RDA,0
2921,ACT,6
2937,RDA,6
2938,ACT,12
2954,RDA,12
3003,ACT,0
3019,RDA,0
3081,ACT,15
3097,RDA,15
3160,ACT,0
3176,RDA,0
3240,ACT,8
3256,WRA,8
3321,ACT,0
3337,WRA,0
3403,ACT,0
3419,WRA,0
3486,ACT,0
3502,RDA,0
3570,ACT,0
3586,RDA,0
3655,ACT,5
3671,WRA,5
3741,ACT,15
3757,WRA,15
3828,ACT,0
3844,WRA,0
3916,ACT,0
3932,RDA,0
4005,ACT,0
4021,RDA,0
4095,ACT,15
4111,RDA,15
4186,ACT,0
4202,RDA,0
4278,ACT,0
4294,WRA,0
4371,ACT,15
4387,WRA,15
4465,ACT,0
4481,WRA,0
4560,ACT,15
4576,WRA,15
4656,ACT,15
4672,WRA,15
4726,REF,0
5039,ACT,15
5055,WRA,15
5109,ACT,15
5125,WRA,15
5179,ACT,15
5195,WRA,15
5249,ACT,15
5265,WRA,15
5319,ACT,15
5335,WRA,15
5336,ACT,11
5364,RDA,11
5365,ACT,0
5381,RDA,0
5460,ACT,15
5476,RDA,15
5565,ACT,0
5581,RDA,0
5671,ACT,0
5687,RDA,0
5778,ACT,0
5794,RDA,0
5886,ACT,15
5902,RDA,15
5995,ACT,0
6011,RDA,0
6105,ACT,0
6121,RDA,0
6216,ACT,0
6232,RDA,0
6328,ACT,0
6344,RDA,0
6441,ACT,0
6457,RDA,0
6555,ACT,0
6571,RDA,0
6670,ACT,0
6686,RDA,0
6786,ACT,0
6802,RDA,0
6903,ACT,0
6919,RDA,0
7021,ACT,0
7037,RDA,0
7140,ACT,0
7156,RDA,0
7260,ACT,0
7276,RDA,0
7381,ACT,0
7397,RDA,0
7503,ACT,0
7519,RDA,0
7626,ACT,0
7642,RDA,0
7750,ACT,0
7766,RDA,0
7875,ACT,0
7891,RDA,0
8001,ACT,4
8017,WRA,4
8128,ACT,10
8144,RDA,10
8256,ACT,0
8272,RDA,0
8385,ACT,0
8401,RDA,0
8515,ACT,15
8531,WRA,15
8646,ACT,15
8662,WRA,15
8778,ACT,15
8794,WRA,15
8911,ACT,0
8927,WRA,0
9045,ACT,15
9061,WRA,15
9180,ACT,0
9196,WRA,0
9316,ACT,0
9332,RDA,0
9371,REF,0
9684,ACT,15
9700,RDA,15
9701,ACT,12
9717,RDA,12
9730,ACT,0
9746,RDA,0
9870,ACT,3
9886,RDA,3
10011,ACT,15
10027,WRA,15
10153,ACT,15
10169,RDA,15
10296,ACT,0
10312,RDA,0
10440,ACT,12
10456,RDA,12
10585,ACT,4
10601,RDA,4
10731,ACT,8
10747,RDA,8
10878,ACT,7
10894,RDA,7
11026,ACT,14
11042,RDA,14
11175,ACT,0
11191,RDA,0
11325,ACT,5
11341,WRA,5
11476,ACT,15
11492,WRA,15
11628,ACT,15
11644,WRA,15
11781,ACT,15
11797,WRA,15
11935,ACT,15
11951,WRA,15
12090,ACT,15
12106,WRA,15
12246,ACT,0
12262,RDA,0
12403,ACT,0
12419,RDA,0
12561,ACT,0
12577,RDA,0
12720,ACT,0
12736,RDA,0
12880,ACT,15
12896,WRA,15
13041,ACT,0
13057,RDA,0
13203,ACT,1
13219,RDA,1
13366,ACT,14
13382,RDA,14
13530,ACT,0
13546,RDA,0
13695,ACT,0
13711,RDA,0
13861,ACT,0
13877,RDA,0
14028,ACT,1
14044,RDA,1
14083,REF,0
14396,ACT,11
14412,RDA,11
14413,ACT,4
14429,RDA,4
14535,ACT,15
14551,RDA,15
14706,ACT,0
14722,RDA,0
14878,ACT,15
14894,RDA,15
15051,ACT,14
15067,RDA,14
15225,ACT,1
15241,RDA,1
15400,ACT,0
15416,RDA,0
15576,ACT,15
15592,RDA,15
15753,ACT,0
15769,RDA,0
15931,ACT,15
15947,RDA,15
16110,ACT,0
16126,RDA,0
16290,ACT,6
16306,RDA,6
16471,ACT,0
16487,RDA,0
16653,ACT,15
16669,RDA,15
16836,ACT,0
16852,RDA,0
17020,ACT,0
17036,RDA,0
17205,ACT,14
17221,RDA,14
17391,ACT,15
17407,RDA,15
17578,ACT,0
17594,WRA,0
17766,ACT,15
17782,WRA,15
17955,ACT,0
17971,RDA,0
18145,ACT,0
18161,WRA,0
18336,ACT,0
18352,RDA,0
18528,ACT,0
18544,WRA,0
18720,REF,0
19033,ACT,0
19049,RDA,0
19088,ACT,0
19104,WRA,0
19158,ACT,0
19174,RDA,0
19306,ACT,0
19322,WRA,0
19503,ACT,0
19519,WRA,0
19701,ACT,0
19717,WRA,0
19900,ACT,0
19916,WRA,0
20100,ACT,0
20116,WRA,0
20301,ACT,0
20317,WRA,0
20503,ACT,0
20519,WRA,0
20706,ACT,0
20722,WRA,0
20910,ACT,0
20926,RDA,0
21115,ACT,15
21131,RDA,15
21321,ACT,0
21337,RDA,0
21528,ACT,2
21544,RDA,2
21736,ACT,0
21752,WRA,0
21945,ACT,15
21961,WRA,15
22155,ACT,0
22171,RDA,0
22366,ACT,14
22382,RDA,14
22578,ACT,3
22594,RDA,3
22791,ACT,0
22807,RDA,0
23005,ACT,5
23021,RDA,5
23220,ACT,0
23236,RDA,0
23400,REF,0
23713,ACT,15
23729,RDA,15
23730,ACT,0
23746,RDA,0
23871,ACT,0
23887,RDA,0
24090,ACT,0
24106,RDA,0
24310,ACT,0
24326,RDA,0
24531,ACT,6
24547,RDA,6
24753,ACT,0
24769,WRA,0
24976,ACT,15
24992,WRA,15
25200,ACT,15
25216,WRA,15
25425,ACT,15
25441,WRA,15
25651,ACT,0
25667,WRA,0
25878,ACT,0
25894,WRA,0
26106,ACT,0
26122,RDA,0
26335,ACT,0
26351,WRA,0
26565,ACT,0
26581,WRA,0
26796,ACT,15
26812,WRA,15
27028,ACT,1
27044,WRA,1
27261,ACT,15
27277,WRA,15
27495,ACT,0
27511,WRA,0
27730,ACT,15
27746,WRA,15
27966,ACT,0
27982,WRA,0
28080,REF,0
28393,ACT,0
28409,RDA,0
28448,ACT,0
28464,WRA,0
28680,ACT,2
28696,WRA,2
28920,ACT,0
28936,WRA,0
29161,ACT,15
29177,WRA,15
29403,ACT,0
29419,RDA,0
29646,ACT,3
29662,RDA,3
29890,ACT,12
29906,RDA,12
30135,ACT,14
30151,RDA,14
30381,ACT,1
30397,RDA,1
30628,ACT,7
30644,WRA,7
30876,ACT,0
30892,WRA,0
31125,ACT,15
31141,WRA,15
31375,ACT,1
31391,WRA,1
31626,ACT,14
31642,WRA,14
31878,ACT,0
31894,RDA,0
32131,ACT,0
32147,WRA,0
32385,ACT,0
32401,RDA,0
32640,ACT,0
32656,RDA,0
32760,REF,0
33073,ACT,0
33089,WRA,0
33153,ACT,0
33169,RDA,0
33411,ACT,0
33427,RDA,0
33670,ACT,0
33686,RDA,0
33930,ACT,0
33946,WRA,0
34191,ACT,0
34207,RDA,0
34453,ACT,15
34469,WRA,15
34716,ACT,0
34732,RDA,0
34980,ACT,0
34996,RDA,0
35245,ACT,0
35261,WRA,0
35511,ACT,15
35527,WRA,15
35778,ACT,0
35794,WRA,0
36046,ACT,15
36062,WRA,15
36315,ACT,15
36331,WRA,15
36585,ACT,0
36601,WRA,0
36856,ACT,0
36872,WRA,0
37128,ACT,0
37144,RDA,0
37401,ACT,0
37417,RDA,0
37456,REF,0
37769,ACT,0
37785,RDA,0
37950,ACT,15
37966,WRA,15
38226,ACT,15
38242,WRA,15
38503,ACT,0
38519,WRA,0
38781,ACT,0
38797,WRA,0
39060,ACT,0
39076,WRA,0
39340,ACT,0
39356,RDA,0
39621,ACT,15
39637,WRA,15
39903,ACT,15
39919,WRA,15
40186,ACT,0
40202,WRA,0
40470,ACT,0
40486,WRA,0
40755,ACT,0
40771,RDA,0
41041,ACT,0
41057,RDA,0
41328,ACT,0
41344,RDA,0
41616,ACT,0
41632,WRA,0
41905,ACT,15
41921,WRA,15
42120,REF,0
42433,ACT,10
42449,RDA,10
42486,ACT,0
42502,WRA,0
42778,ACT,15
42794,WRA,15
43071,ACT,0
43087,WRA,0
43365,ACT,15
43381,WRA,15
43660,ACT,0
43676,WRA,0
43956,ACT,15
43972,WRA,15
44253,ACT,0
44269,WRA,0
44551,ACT,0
44567,RDA,0
44850,ACT,6
44866,RDA,6
45150,ACT,6
45166,RDA,6
45451,ACT,0
45467,WRA,0
45753,ACT,15
45769,WRA,15
46056,ACT,0
46072,RDA,0
46360,ACT,12
46376,RDA,12
46665,ACT,14
46681,RDA,14
46800,REF,0
47113,ACT,0
47129,WRA,0
47278,ACT,0
47294,WRA,0
47586,ACT,15
47602,WRA,15
47895,ACT,0
47911,WRA,0
48205,ACT,0
48221,WRA,0
48516,ACT,0
48532,WRA,0
48828,ACT,0
48844,WRA,0
49141,ACT,0
49157,WRA,0
49455,ACT,0
49471,WRA,0
49770,ACT,0
49786,WRA,0
50086,ACT,0
50102,WRA,0
50403,ACT,0
50419,WRA,0
50721,ACT,0
50737,WRA,0
51040,ACT,0
51056,WRA,0
51360,ACT,0
51376,WRA,0
51480,REF,0
51793,ACT,0
51809,WRA,0
52003,ACT,15
52019,WRA,15
52326,ACT,0
52342,WRA,0
52650,ACT,0
52666,WRA,0
52975,ACT,0
52991,WRA,0
53301,ACT,0
53317,WRA,0
53628,ACT,0
53644,WRA,0
53956,ACT,0
53972,RDA,0
54285,ACT,0
54301,WRA,0
54615,ACT,0
54631,RDA,0
54946,ACT,0
54962,WRA,0
55278,ACT,0
55294,WRA,0
55611,ACT,15
55627,WRA,15
55945,ACT,0
55961,WRA,0
56160,REF,0
56473,ACT,0
56489,WRA,0
56616,ACT,0
56632,WRA,0
56953,ACT,15
56969,WRA,15
57291,ACT,0
57307,WRA,0
57630,ACT,0
57646,WRA,0
57970,ACT,0
57986,WRA,0
58311,ACT,15
58327,WRA,15
58653,ACT,0
58669,WRA,0
58996,ACT,0
59012,WRA,0
59340,ACT,0
59356,WRA,0
59685,ACT,15
59701,WRA,15
60031,ACT,0
60047,WRA,0
60378,ACT,0
60394,WRA,0
60726,ACT,0
60742,RDA,0
60840,REF,0
61153,ACT,0
61169,WRA,0
61425,ACT,15
61441,WRA,15
61776,ACT,0
61792,WRA,0
62128,ACT,15
62144,WRA,15
62481,ACT,0
62497,RDA,0
62835,ACT,0
62851,WRA,0
63190,ACT,15
63206,WRA,15
63546,ACT,15
63562,WRA,15
63903,ACT,0
63919,WRA,0
64261,ACT,0
64277,WRA,0
64620,ACT,0
64636,WRA,0
64980,ACT,0
64996,WRA,0
65341,ACT,15
65357,WRA,15
65520,REF,0
65833,ACT,0
65849,WRA,0
66066,ACT,0
66082,WRA,0
66430,ACT,0
66446,WRA,0
66795,ACT,15
66811,WRA,15
67161,ACT,0
67177,WRA,0
67528,ACT,15
67544,WRA,15
67896,ACT,0
67912,WRA,0
68265,ACT,15
68281,WRA,15
68635,ACT,0
68651,WRA,0
69006,ACT,15
69022,WRA,15
69378,ACT,0
69394,WRA,0
69751,ACT,0
69767,WRA,0
70125,ACT,0
70141,RDA,0
70200,REF,0
70513,ACT,7
70529,WRA,7
70876,ACT,15
70892,WRA,15
71253,ACT,0
71269,WRA,0
71631,ACT,0
71647,WRA,0
72010,ACT,0
72026,WRA,0
72390,ACT,0
72406,WRA,0
72771,ACT,0
72787,WRA,0
73153,ACT,15
73169,WRA,15
73536,ACT,0
73552,WRA,0
73920,ACT,0
73936,WRA,0
74305,ACT,0
74321,WRA,0
74691,ACT,0
74707,WRA,0
74880,REF,0
75193,ACT,0
75209,WRA,0
75466,ACT,0
75482,WRA,0
75855,ACT,0
75871,WRA,0
76245,ACT,0
76261,WRA,0
76636,ACT,0
76652,WRA,0
77028,ACT,0
77044,WRA,0
77421,ACT,0
77437,WRA,0
77815,ACT,0
77831,WRA,0
78210,ACT,0
78226,WRA,0
78606,ACT,0
78622,WRA,0
79003,ACT,0
79019,WRA,0
79401,ACT,0
79417,WRA,0
79560,REF,0
79873,ACT,0
79889,WRA,0
80200,ACT,0
80216,WRA,0
80601,ACT,0
80617,WRA,0
81003,ACT,0
81019,WRA,0
81406,ACT,0
81422,WRA,0
81810,ACT,0
81826,WRA,0
82215,ACT,0
82231,WRA,0
82621,ACT,0
82637,WRA,0
83028,ACT,0
83044,WRA,0
83436,ACT,0
83452,WRA,0
83845,ACT,0
83861,WRA,0
84240,REF,0
84553,ACT,0
84569,WRA,0
84666,ACT,0
84682,WRA,0
85078,ACT,15
85094,WRA,15
85491,ACT,0
85507,WRA,0
85905,ACT,0
85921,WRA,0
86320,ACT,0
86336,WRA,0
86736,ACT,0
86752,WRA,0
87153,ACT,0
87169,WRA,0
87571,ACT,0
87587,WRA,0
87990,ACT,0
88006,WRA,0
88410,ACT,0
88426,WRA,0
88831,ACT,0
88847,WRA,0
88920,REF,0
89253,ACT,0
89269,WRA,0
89676,ACT,0
89692,WRA,0
90100,ACT,0
90116,WRA,0
90525,ACT,0
90541,WRA,0
90951,ACT,0
90967,WRA,0
91378,ACT,0
91394,WRA,0
91806,ACT,0
91822,WRA,0
92235,ACT,0
92251,WRA,0
92665,ACT,15
92681,WRA,15
93096,ACT,15
93112,WRA,15
93528,ACT,0
93544,WRA,0
93600,REF,0
93961,ACT,15
93977,WRA,15
94395,ACT,0
94411,WRA,0
94830,ACT,0
94846,WRA,0
95266,ACT,0
95282,WRA,0
95703,ACT,0
95719,WRA,0
96141,ACT,0
96157,WRA,0
96580,ACT,0
96596,WRA,0
97020,ACT,0
97036,WRA,0
97461,ACT,0
97477,WRA,0
97903,ACT,0
97919,WRA,0
98280,REF,0
98593,ACT,0
98609,WRA,0
98790,ACT,0
98806,WRA,0
99235,ACT,0
99251,WRA,0
99681,ACT,0
99697,WRA,0
100128,ACT,0
100144,WRA,0
100576,ACT,0
100592,WRA,0
101025,ACT,0
101041,WRA,0
101475,ACT,0
101491,WRA,0
101926,ACT,15
101942,WRA,15
102378,ACT,15
102394,WRA,15
102831,ACT,0
102847,WRA,0
102960,REF,0
103285,ACT,15
103301,WRA,15
103740,ACT,0
103756,WRA,0
104196,ACT,0
104212,WRA,0
104653,ACT,0
104669,WRA,0
105111,ACT,0
105127,WRA,0
105570,ACT,0
105586,WRA,0
106030,ACT,0
106046,WRA,0
106491,ACT,0
106507,WRA,0
106953,ACT,0
106969,WRA,0
107416,ACT,0
107432,WRA,0
107640,REF,0
107953,ACT,0
107969,WRA,0
108345,ACT,0
108361,WRA,0
108811,ACT,0
108827,WRA,0
109278,ACT,0
109294,WRA,0
109746,ACT,0
109762,WRA,0
110215,ACT,0
110231,WRA,0
110685,ACT,0
110701,WRA,0
111156,ACT,15
111172,WRA,15
111628,ACT,0
111644,WRA,0
112101,ACT,15
112117,WRA,15
112320,REF,0
112633,ACT,0
112649,RDA,0
113050,ACT,1
113066,RDA,1
113526,ACT,0
113542,WRA,0
114003,ACT,15
114019,WRA,15
114481,ACT,0
114497,WRA,0
114960,ACT,0
114976,WRA,0
115440,ACT,15
115456,WRA,15
115921,ACT,0
115937,RDA,0
116403,ACT,0
116419,WRA,0
116886,ACT,15
116902,WRA,15
117000,REF,0
117370,ACT,0
117386,WRA,0
117855,ACT,15
117871,WRA,15
118341,ACT,0
118357,WRA,0
118828,ACT,0
118844,WRA,0
119316,ACT,0
119332,WRA,0
119805,ACT,0
119821,WRA,0
120295,ACT,0
120311,WRA,0
120786,ACT,0
120802,WRA,0
121278,ACT,0
121294,WRA,0
121680,REF,0
121993,ACT,0
122009,WRA,0
122265,ACT,0
122281,RDA,0
122760,ACT,0
122776,RDA,0
123256,ACT,0
123272,RDA,0
123753,ACT,0
123769,RDA,0
124251,ACT,0
124267,RDA,0
124750,ACT,0
124766,WRA,0
125250,ACT,0
125266,WRA,0
125751,ACT,0
125767,WRA,0
126253,ACT,0
126269,WRA,0
126360,REF,0
126756,ACT,0
126772,WRA,0
127260,ACT,0
127276,WRA,0
127765,ACT,0
127781,WRA,0
128271,ACT,15
128287,RDA,15
128778,ACT,0
128794,RDA,0
129286,ACT,0
129302,RDA,0
129795,ACT,0
129811,WRA,0
130305,ACT,15
130321,WRA,15
130816,ACT,0
130832,WRA,0
131040,REF,0
131353,ACT,0
131369,WRA,0
131841,ACT,0
131857,WRA,0
132355,ACT,0
132371,WRA,0
132870,ACT,0
132886,WRA,0
133386,ACT,0
133402,WRA,0
133903,ACT,0
133919,WRA,0
134421,ACT,15
134437,RDA,15
134940,ACT,0
134956,RDA,0
135460,ACT,0
135476,WRA,0
135720,REF,0
136033,ACT,0
136049,WRA,0
136503,ACT,0
136519,WRA,0
137026,ACT,0
137042,WRA,0
137550,ACT,0
137566,WRA,0
138075,ACT,0
138091,WRA,0
138601,ACT,0
138617,WRA,0
139128,ACT,0
139144,RDA,0
139656,ACT,15
139672,RDA,15
140185,ACT,12
140201,RDA,12
140400,REF,0
140715,ACT,10
140731,RDA,10
141246,ACT,0
141262,RDA,0
141778,ACT,5
141794,RDA,5
142311,ACT,15
142327,WRA,15
142845,ACT,0
142861,WRA,0
143380,ACT,15
143396,WRA,15
143916,ACT,0
143932,RDA,0
144453,ACT,0
144469,RDA,0
144991,ACT,15
145007,RDA,15
145080,REF,0
145530,ACT,3
145546,RDA,3
146070,ACT,13
146086,RDA,13
146611,ACT,15
146627,RDA,15
147153,ACT,0
147169,WRA,0
147696,ACT,0
147712,RDA,0
148240,ACT,0
148256,WRA,0
148785,ACT,0
148801,WRA,0
149331,ACT,0
149347,WRA,0
149760,REF,0
150073,ACT,15
150089,WRA,15
150426,ACT,15
150442,WRA,15
150975,ACT,0
150991,WRA,0
151525,ACT,15
151541,WRA,15
152076,ACT,15
152092,WRA,15
152628,ACT,0
152644,WRA,0
153181,ACT,15
153197,RDA,15
153735,ACT,0
153751,RDA,0
154290,ACT,0
154306,RDA,0
154440,REF,0
154846,ACT,0
154862,RDA,0
155403,ACT,0
155419,RDA,0
155961,ACT,0
155977,RDA,0
156520,ACT,0
156536,RDA,0
157080,ACT,0
157096,WRA,0
157641,ACT,0
157657,WRA,0
158203,ACT,0
158219,WRA,0
158766,ACT,0
158782,WRA,0
159120,REF,0
159433,ACT,2
159449,RDA,2
159895,ACT,0
159911,RDA,0
160461,ACT,15
160477,RDA,15
161028,ACT,0
161044,RDA,0
161596,ACT,0
161612,RDA,0
162165,ACT,0
162181,RDA,0
162735,ACT,0
162751,RDA,0
163306,ACT,15
163322,RDA,15
163800,REF,0
164113,ACT,15
164129,RDA,15
164451,ACT,0
164467,RDA,0
165025,ACT,15
165041,RDA,15
165600,ACT,0
165616,RDA,0
166176,ACT,0
166192,RDA,0
166753,ACT,11
166769,RDA,11
167331,ACT,0
167347,RDA,0
167910,ACT,15
167926,RDA,15
168480,REF,0
168793,ACT,13
168809,RDA,13
169071,ACT,15
169087,RDA,15
169653,ACT,2
169669,RDA,2
170236,ACT,14
170252,RDA,14
170820,ACT,8
170836,RDA,8
171405,ACT,15
171421,RDA,15
171991,ACT,15
172007,RDA,15
172578,ACT,0
172594,RDA,0
173160,REF,0
173473,ACT,15
173489,RDA,15
173755,ACT,0
173771,RDA,0
174345,ACT,0
174361,RDA,0
174936,ACT,15
174952,RDA,15
175528,ACT,14
175544,RDA,14
176121,ACT,7
176137,RDA,7
176715,ACT,0
176731,RDA,0
177310,ACT,2
177326,RDA,2
177840,REF,0
178153,ACT,0
178169,RDA,0
178503,ACT,15
178519,RDA,15
179101,ACT,2
179117,WRA,2
179700,ACT,15
179716,WRA,15
180300,ACT,15
180316,WRA,15
180901,ACT,0
180917,WRA,0
181503,ACT,13
181519,RDA,13
182106,ACT,2
182122,WRA,2
182520,REF,0
182833,ACT,13
182849,RDA,13
183315,ACT,2
183331,WRA,2
183921,ACT,12
183937,RDA,12
184528,ACT,0
184544,RDA,0
185136,ACT,0
185152,RDA,0
185745,ACT,3
185761,WRA,3
186355,ACT,0
186371,WRA,0
186966,ACT,15
186982,WRA,15
187200,REF,0
187578,ACT,2
187594,RDA,2
188191,ACT,15
188207,RDA,15
188805,ACT,13
188821,WRA,13
189420,ACT,15
189436,WRA,15
190036,ACT,15
190052,WRA,15
190653,ACT,15
190669,WRA,15
191271,ACT,15
191287,WRA,15
191880,REF,0
192193,ACT,15
192209,WRA,15
192510,ACT,15
192526,WRA,15
193131,ACT,15
193147,WRA,15
193753,ACT,15
193769,WRA,15
194376,ACT,15
194392,WRA,15
195000,ACT,15
195016,WRA,15
195625,ACT,0
195641,WRA,0
196251,ACT,0
196267,WRA,0
196560,REF,0
196878,ACT,2
196894,RDA,2
197506,ACT,11
197522,RDA,11
198135,ACT,4
198151,RDA,4
198765,ACT,9
198781,RDA,9
199396,ACT,6
199412,RDA,6
200028,ACT,15
200044,RDA,15
200661,ACT,13
200677,WRA,13
201240,REF,0
201553,ACT,15
201569,WRA,15
201930,ACT,15
201946,WRA,15
202566,ACT,15
202582,WRA,15
203203,ACT,15
203219,WRA,15
203841,ACT,0
203857,WRA,0
204480,ACT,0
204496,RDA,0
205120,ACT,2
205136,WRA,2
205761,ACT,15
205777,WRA,15
205920,REF,0
206403,ACT,15
206419,WRA,15
207046,ACT,0
207062,WRA,0
207690,ACT,0
207706,WRA,0
208335,ACT,0
208351,WRA,0
208981,ACT,0
208997,WRA,0
209628,ACT,13
209644,RDA,13
210276,ACT,2
210292,WRA,2
210600,REF,0
210925,ACT,15
210941,WRA,15
211575,ACT,13
211591,RDA,13
212226,ACT,0
212242,RDA,0
212878,ACT,15
212894,RDA,15
213531,ACT,0
213547,WRA,0
214185,ACT,0
214201,WRA,0
214840,ACT,0
214856,RDA,0
215280,REF,0
215593,ACT,0
215609,RDA,0
216153,ACT,2
216169,WRA,2
216811,ACT,15
216827,WRA,15
217470,ACT,13
217486,RDA,13
218130,ACT,0
218146,RDA,0
218791,ACT,2
218807,WRA,2
219453,ACT,15
219469,WRA,15
219960,REF,0
220273,ACT,15
220289,WRA,15
220780,ACT,0
220796,WRA,0
221445,ACT,13
221461,RDA,13
222111,ACT,2
222127,WRA,2
222778,ACT,15
222794,WRA,15
223446,ACT,15
223462,WRA,15
224115,ACT,0
224131,WRA,0
224640,REF,0
224953,ACT,2
224969,RDA,2
225456,ACT,13
225472,WRA,13
226128,ACT,15
226144,WRA,15
226801,ACT,15
226817,WRA,15
227475,ACT,15
227491,WRA,15
228150,ACT,15
228166,WRA,15
228826,ACT,15
228842,WRA,15
229320,REF,0
229633,ACT,15
229649,WRA,15
230181,ACT,15
230197,WRA,15
230860,ACT,15
230876,WRA,15
231540,ACT,0
231556,WRA,0
232221,ACT,15
232237,WRA,15
232903,ACT,0
232919,WRA,0
233586,ACT,13
233602,RDA,13
234000,REF,0
234313,ACT,15
234329,RDA,15
234955,ACT,0
234971,RDA,0
235641,ACT,15
235657,RDA,15
236328,ACT,0
236344,WRA,0
237016,ACT,0
237032,RDA,0
237705,ACT,15
237721,RDA,15
238395,ACT,0
238411,WRA,0
238680,REF,0
239086,ACT,0
239102,RDA,0
239778,ACT,0
239794,RDA,0
240471,ACT,13
240487,RDA,13
241165,ACT,0
241181,RDA,0
241860,ACT,0
241876,RDA,0
242556,ACT,15
242572,RDA,15
243253,ACT,3
243269,WRA,3
243360,REF,0
243951,ACT,0
243967,RDA,0
244650,ACT,0
244666,RDA,0
245350,ACT,15
245366,RDA,15
246051,ACT,0
246067,RDA,0
246753,ACT,4
246769,RDA,4
247456,ACT,15
247472,RDA,15
248040,REF,0
248353,ACT,11
248369,RDA,11
248865,ACT,0
248881,RDA,0
249571,ACT,15
249587,RDA,15
250278,ACT,0
250294,RDA,0
250986,ACT,15
251002,RDA,15
251695,ACT,4
251711,RDA,4
252405,ACT,0
252421,RDA,0
252720,REF,0
253116,ACT,10
253132,RDA,10
253828,ACT,0
253844,RDA,0
254541,ACT,15
254557,RDA,15
255255,ACT,15
255271,RDA,15
255970,ACT,0
255986,RDA,0
256686,ACT,2
256702,WRA,2
257400,REF,0
257713,ACT,15
257729,WRA,15
258121,ACT,15
258137,WRA,15
258840,ACT,15
258856,WRA,15
259560,ACT,15
259576,WRA,15
260281,ACT,15
260297,WRA,15
261003,ACT,0
261019,WRA,0
261726,ACT,15
261742,WRA,15
262080,REF,0
262450,ACT,15
262466,WRA,15
263175,ACT,0
263191,RDA,0
263901,ACT,3
263917,RDA,3
264628,ACT,0
264644,WRA,0
265356,ACT,0
265372,WRA,0
266085,ACT,0
266101,RDA,0
266760,REF,0
267073,ACT,2
267089,WRA,2
267546,ACT,0
267562,WRA,0
268278,ACT,15
268294,WRA,15
269011,ACT,0
269027,WRA,0
269745,ACT,0
269761,WRA,0
270480,ACT,15
270496,WRA,15
271216,ACT,15
271232,WRA,15
271440,REF,0
271953,ACT,13
271969,RDA,13
272691,ACT,2
272707,WRA,2
273430,ACT,15
273446,WRA,15
274170,ACT,2
274186,RDA,2
274911,ACT,13
274927,WRA,13
275653,ACT,2
275669,RDA,2
276120,REF,0
276433,ACT,13
276449,WRA,13
277140,ACT,15
277156,WRA,15
277885,ACT,15
277901,WRA,15
278631,ACT,0
278647,WRA,0
279378,ACT,0
279394,RDA,0
280126,ACT,15
280142,RDA,15
280800,REF,0
281113,ACT,0
281129,WRA,0
281625,ACT,0
281641,WRA,0
282376,ACT,2
282392,RDA,2
283128,ACT,13
283144,WRA,13
283881,ACT,15
283897,WRA,15
284635,ACT,15
284651,WRA,15
285390,ACT,0
285406,WRA,0
285480,REF,0
286146,ACT,15
286162,WRA,15
286903,ACT,0
286919,WRA,0
287661,ACT,15
287677,WRA,15
288420,ACT,15
288436,WRA,15
289180,ACT,15
289196,WRA,15
289941,ACT,15
289957,WRA,15
290160,REF,0
290703,ACT,15
290719,WRA,15
291466,ACT,15
291482,WRA,15
292230,ACT,15
292246,WRA,15
292995,ACT,15
293011,WRA,15
293761,ACT,0
293777,WRA,0
294528,ACT,15
294544,WRA,15
294840,REF,0
295296,ACT,2
295312,RDA,2
296065,ACT,13
296081,WRA,13
296835,ACT,15
296851,WRA,15
297606,ACT,15
297622,WRA,15
298378,ACT,15
298394,WRA,15
299151,ACT,0
299167,WRA,0
299520,REF,0
299925,ACT,15
299941,WRA,15
300700,ACT,0
300716,WRA,0
301476,ACT,0
301492,WRA,0
302253,ACT,15
302269,WRA,15
303031,ACT,15
303047,WRA,15
303810,ACT,15
303826,WRA,15
304200,REF,0
304590,ACT,0
304606,WRA,0
305371,ACT,0
305387,WRA,0
306153,ACT,0
306169,WRA,0
306936,ACT,0
306952,WRA,0
307720,ACT,15
307736,WRA,15
308505,ACT,0
308521,WRA,0
308880,REF,0
309291,ACT,0
309307,WRA,0
310078,ACT,15
310094,WRA,15
310866,ACT,15
310882,WRA,15
311655,ACT,0
311671,WRA,0
312445,ACT,0
312461,WRA,0
313236,ACT,15
313252,WRA,15
313560,REF,0
314028,ACT,15
314044,WRA,15
314821,ACT,0
314837,WRA,0
315615,ACT,0
315631,WRA,0
316410,ACT,15
316426,WRA,15
317206,ACT,0
317222,WRA,0
318003,ACT,15
318019,WRA,15
318240,REF,0
318801,ACT,15
318817,WRA,15
319600,ACT,15
319616,WRA,15
320400,ACT,15
320416,WRA,15
321201,ACT,15
321217,WRA,15
322003,ACT,15
322019,WRA,15
322806,ACT,15
322822,WRA,15
322920,REF,0
323610,ACT,15
323626,WRA,15
324415,ACT,15
324431,WRA,15
325221,ACT,0
325237,WRA,0
326028,ACT,15
326044,WRA,15
326836,ACT,0
326852,WRA,0
327600,REF,0
327913,ACT,0
327929,RDA,0
328455,ACT,0
328471,WRA,0
329266,ACT,15
329282,WRA,15
330078,ACT,0
330094,WRA,0
330891,ACT,0
330907,RDA,0
331705,ACT,0
331721,RDA,0
332280,REF,0
332593,ACT,0
332609,WRA,0
333336,ACT,0
333352,WRA,0
334153,ACT,15
334169,WRA,15
334971,ACT,15
334987,WRA,15
335790,ACT,0
335806,WRA,0
336610,ACT,0
336626,WRA,0
336960,REF,0
337431,ACT,0
337447,WRA,0
338253,ACT,0
338269,RDA,0
339076,ACT,0
339092,WRA,0
339900,ACT,0
339916,WRA,0
340725,ACT,15
340741,WRA,15
341551,ACT,0
341567,WRA,0
341640,REF,0
342378,ACT,0
342394,WRA,0
343206,ACT,0
343222,WRA,0
344035,ACT,0
344051,WRA,0
344865,ACT,0
344881,WRA,0
345696,ACT,0
345712,WRA,0
346320,REF,0
346633,ACT,0
346649,WRA,0
347361,ACT,0
347377,WRA,0
348195,ACT,0
348211,RDA,0
349030,ACT,0
349046,RDA,0
349866,ACT,13
349882,RDA,13
350703,ACT,0
350719,WRA,0
351000,REF,0
351541,ACT,0
351557,RDA,0
352380,ACT,0
352396,RDA,0
353220,ACT,0
353236,WRA,0
354061,ACT,0
354077,WRA,0
354903,ACT,0
354919,WRA,0
355680,REF,0
355993,ACT,0
356009,WRA,0
356590,ACT,0
356606,WRA,0
357435,ACT,0
357451,WRA,0
358281,ACT,0
358297,WRA,0
359128,ACT,0
359144,WRA,0
359976,ACT,0
359992,WRA,0
360360,REF,0
360825,ACT,0
360841,WRA,0
361675,ACT,0
361691,WRA,0
362526,ACT,0
362542,WRA,0
363378,ACT,13
363394,RDA,13
364231,ACT,2
364247,WRA,2
365040,REF,0
365353,ACT,0
365369,RDA,0
365940,ACT,0
365956,RDA,0
366796,ACT,0
366812,WRA,0
367653,ACT,0
367669,WRA,0
368511,ACT,0
368527,WRA,0
369370,ACT,0
369386,WRA,0
369720,REF,0
370230,ACT,0
370246,WRA,0
371091,ACT,0
371107,WRA,0
371953,ACT,0
371969,WRA,0
372816,ACT,0
372832,WRA,0
373680,ACT,0
373696,WRA,0
374400,REF,0
374713,ACT,0
374729,WRA,0
375411,ACT,0
375427,WRA,0
376278,ACT,0
376294,WRA,0
377146,ACT,0
377162,WRA,0
378015,ACT,0
378031,WRA,0
378885,ACT,0
378901,WRA,0
379080,REF,0
379756,ACT,0
379772,WRA,0
380628,ACT,0
380644,WRA,0
381501,ACT,0
381517,WRA,0
382375,ACT,0
382391,WRA,0
383250,ACT,0
383266,WRA,0
383760,REF,0
384126,ACT,0
384142,WRA,0
385003,ACT,0
385019,WRA,0
385881,ACT,0
385897,WRA,0
386760,ACT,0
386776,WRA,0
387640,ACT,0
387656,WRA,0
388440,REF,0
388753,ACT,0
388769,WRA,0
389403,ACT,0
389419,WRA,0
390286,ACT,0
390302,WRA,0
391170,ACT,0
391186,WRA,0
392055,ACT,0
392071,WRA,0
392941,ACT,0
392957,WRA,0
393120,REF,0
393828,ACT,0
393844,WRA,0
394716,ACT,0
394732,WRA,0
395605,ACT,0
395621,WRA,0
396495,ACT,0
396511,WRA,0
397386,ACT,0
397402,WRA,0
397800,REF,0
398278,ACT,0
398294,WRA,0
399171,ACT,0
399187,WRA,0
400065,ACT,0
400081,WRA,0
400960,ACT,0
400976,WRA,0
401856,ACT,0
401872,WRA,0
402480,REF,0
402793,ACT,0
402809,WRA,0
403651,ACT,0
403667,WRA,0
404550,ACT,0
404566,WRA,0
405450,ACT,0
405466,WRA,0
406351,ACT,0
406367,WRA,0
407160,REF,0
407473,ACT,0
407489,WRA,0
408156,ACT,0
408172,WRA,0
409060,ACT,0
409076,WRA,0
409965,ACT,0
409981,WRA,0
410871,ACT,0
410887,WRA,0
411778,ACT,0
411794,WRA,0
411848,REF,0
412686,ACT,0
412702,WRA,0
413595,ACT,0
413611,WRA,0
414505,ACT,0
414521,WRA,0
415416,ACT,0
415432,WRA,0
416328,ACT,0
416344,WRA,0
416520,REF,0
417241,ACT,0
417257,WRA,0
418155,ACT,0
418171,WRA,0
419070,ACT,0
419086,WRA,0
419986,ACT,0
420002,WRA,0
420903,ACT,0
420919,WRA,0
421200,REF,0
421821,ACT,0
421837,WRA,0
422740,ACT,0
422756,WRA,0
423660,ACT,11
423676,RDA,11
424581,ACT,14
424597,RDA,14
425503,ACT,11
425519,RDA,11
425880,REF,0
426426,ACT,15
426442,RDA,15
427350,ACT,5
427366,RDA,5
428275,ACT,0
428291,RDA,0
429201,ACT,15
429217,RDA,15
430128,ACT,0
430144,RDA,0
430560,REF,0
431056,ACT,0
431072,RDA,0
431985,ACT,0
432001,RDA,0
432915,ACT,0
432931,RDA,0
433846,ACT,0
433862,RDA,0
434778,ACT,14
434794,RDA,14
435240,REF,0
435711,ACT,0
435727,RDA,0
436645,ACT,15
436661,RDA,15
437580,ACT,11
437596,RDA,11
438516,ACT,0
438532,RDA,0
439453,ACT,0
439469,RDA,0
439920,REF,0
440391,ACT,0
440407,RDA,0
441330,ACT,0
441346,RDA,0
442270,ACT,0
442286,RDA,0
443211,ACT,5
443227,RDA,5
444153,ACT,4
444169,WRA,4
444600,REF,0
445096,ACT,11
445112,RDA,11
446040,ACT,0
446056,RDA,0
446985,ACT,11
447001,RDA,11
447931,ACT,0
447947,RDA,0
448878,ACT,0
448894,RDA,0
449280,REF,0
449826,ACT,0
449842,RDA,0
450775,ACT,15
450791,RDA,15
451725,ACT,0
451741,RDA,0
452676,ACT,0
452692,RDA,0
453628,ACT,0
453644,RDA,0
453960,REF,0
454581,ACT,15
454597,RDA,15
455535,ACT,15
455551,RDA,15
456490,ACT,0
456506,RDA,0
457446,ACT,15
457462,RDA,15
458403,ACT,0
458419,RDA,0
458640,REF,0
459361,ACT,15
459377,RDA,15
460320,ACT,15
460336,RDA,15
461280,ACT,0
461296,RDA,0
462241,ACT,0
462257,RDA,0
463203,ACT,15
463219,RDA,15
463320,REF,0
464166,ACT,4
464182,RDA,4
465130,ACT,0
465146,WRA,0
466095,ACT,0
466111,WRA,0
467061,ACT,15
467077,WRA,15
468000,REF,0
468313,ACT,0
468329,WRA,0
468996,ACT,0
469012,RDA,0
469965,ACT,0
469981,RDA,0
470935,ACT,0
470951,WRA,0
471906,ACT,0
471922,WRA,0
472680,REF,0
472993,ACT,0
473009,WRA,0
473851,ACT,15
473867,WRA,15
474825,ACT,0
474841,WRA,0
475800,ACT,0
475816,WRA,0
476776,ACT,0
476792,WRA,0
477360,REF,0
477753,ACT,0
477769,WRA,0
478731,ACT,0
478747,WRA,0
479710,ACT,0
479726,WRA,0
480690,ACT,0
480706,WRA,0
481671,ACT,15
481687,WRA,15
482040,REF,0
482653,ACT,0
482669,WRA,0
483636,ACT,0
483652,WRA,0
484620,ACT,0
484636,WRA,0
485605,ACT,15
485621,WRA,15
486591,ACT,0
486607,WRA,0
486720,REF,0
487578,ACT,0
487594,WRA,0
488566,ACT,0
488582,WRA,0
489555,ACT,0
489571,WRA,0
490545,ACT,0
490561,WRA,0
491400,REF,0
491713,ACT,15
491729,WRA,15
492528,ACT,0
492544,WRA,0
493521,ACT,0
493537,WRA,0
494515,ACT,0
494531,WRA,0
495510,ACT,0
495526,WRA,0
496080,REF,0
496506,ACT,0
496522,WRA,0
497503,ACT,15
497519,WRA,15
498501,ACT,0
498517,WRA,0
499500,ACT,15
499516,WRA,15
500500,ACT,0
500516,WRA,0
500760,REF,0
501501,ACT,0
501517,WRA,0
502503,ACT,15
502519,WRA,15
503506,ACT,0
503522,WRA,0
504510,ACT,15
504526,WRA,15
505440,REF,0
505753,ACT,0
505769,WRA,0
506521,ACT,0
506537,WRA,0
507528,ACT,0
507544,WRA,0
508536,ACT,0
508552,WRA,0
509545,ACT,0
509561,WRA,0
510120,REF,0
510555,ACT,0
510571,WRA,0
511566,ACT,0
511582,WRA,0
512578,ACT,0
512594,WRA,0
513591,ACT,0
513607,WRA,0
514605,ACT,0
514621,WRA,0
514800,REF,0
515620,ACT,0
515636,WRA,0
516636,ACT,0
516652,WRA,0
517653,ACT,0
517669,WRA,0
518671,ACT,0
518687,WRA,0
519480,REF,0
519793,ACT,15
519809,WRA,15
520710,ACT,0
520726,WRA,0
521731,ACT,0
521747,WRA,0
522753,ACT,0
522769,WRA,0
523776,ACT,0
523792,WRA,0
524160,REF,0
524800,ACT,15
524816,WRA,15
525825,ACT,0
525841,WRA,0
526851,ACT,0
526867,RDA,0
527878,ACT,0
527894,RDA,0
528840,REF,0
529153,ACT,15
529169,RDA,15
529935,ACT,0
529951,RDA,0
530965,ACT,0
530981,WRA,0
531996,ACT,0
532012,WRA,0
533028,ACT,0
533044,RDA,0
533520,REF,0
534061,ACT,15
534077,RDA,15
535095,ACT,15
535111,RDA,15
536130,ACT,0
536146,RDA,0
537166,ACT,15
537182,RDA,15
538200,REF,0
538513,ACT,15
538529,RDA,15
539241,ACT,0
539257,WRA,0
540280,ACT,0
540296,WRA,0
541320,ACT,0
541336,WRA,0
542361,ACT,0
542377,WRA,0
542880,REF,0
543403,ACT,0
543419,WRA,0
544446,ACT,0
544462,RDA,0
545490,ACT,1
545506,RDA,1
546535,ACT,0
546551,WRA,0
547560,REF,0
547873,ACT,0
547889,RDA,0
548628,ACT,0
548644,WRA,0
549676,ACT,15
549692,WRA,15
550725,ACT,15
550741,WRA,15
551775,ACT,15
551791,WRA,15
552240,REF,0
552826,ACT,15
552842,WRA,15
553878,ACT,15
553894,WRA,15
554931,ACT,15
554947,WRA,15
555985,ACT,15
556001,WRA,15
556920,REF,0
557233,ACT,15
557249,WRA,15
558096,ACT,15
558112,WRA,15
559153,ACT,15
559169,WRA,15
560211,ACT,15
560227,WRA,15
561270,ACT,15
561286,WRA,15
561600,REF,0
562330,ACT,15
562346,WRA,15
563391,ACT,15
563407,WRA,15
564453,ACT,15
564469,WRA,15
565516,ACT,15
565532,WRA,15
566280,REF,0
566593,ACT,15
566609,WRA,15
567645,ACT,15
567661,WRA,15
568711,ACT,15
568727,WRA,15
569778,ACT,15
569794,WRA,15
570846,ACT,15
570862,WRA,15
570960,REF,0
571915,ACT,0
571931,RDA,0
572985,ACT,0
573001,RDA,0
574056,ACT,0
574072,RDA,0
575128,ACT,0
575144,RDA,0
575640,REF,0
576201,ACT,0
576217,RDA,0
577275,ACT,0
577291,RDA,0
578350,ACT,0
578366,RDA,0
579426,ACT,15
579442,RDA,15
580320,REF,0
580633,ACT,0
580649,RDA,0
581581,ACT,15
581597,RDA,15
582660,ACT,0
582676,RDA,0
583740,ACT,15
583756,RDA,15
584821,ACT,6
584837,RDA,6
585000,REF,0
585903,ACT,0
585919,RDA,0
586986,ACT,15
587002,RDA,15
588070,ACT,0
588086,WRA,0
589155,ACT,0
589171,WRA,0
589680,REF,0
590241,ACT,10
590257,RDA,10
591328,ACT,0
591344,RDA,0
592416,ACT,15
592432,RDA,15
593505,ACT,0
593521,RDA,0
594360,REF,0
594673,ACT,15
594689,RDA,15
595686,ACT,0
595702,RDA,0
596778,ACT,0
596794,RDA,0
597871,ACT,0
597887,RDA,0
598965,ACT,0
598981,RDA,0
599040,REF,0
600060,ACT,15
600076,RDA,15
601156,ACT,15
601172,RDA,15
602253,ACT,0
602269,RDA,0
603351,ACT,15
603367,RDA,15
603720,REF,0
604450,ACT,0
604466,RDA,0
605550,ACT,0
605566,RDA,0
606651,ACT,0
606667,RDA,0
607753,ACT,15
607769,RDA,15
608400,REF,0
608856,ACT,6
608872,RDA,6
609960,ACT,0
609976,RDA,0
611065,ACT,9
611081,RDA,9
612171,ACT,2
612187,RDA,2
613080,REF,0
613393,ACT,15
613409,RDA,15
614386,ACT,3
614402,RDA,3
615495,ACT,15
615511,RDA,15
616605,ACT,13
616621,RDA,13
617716,ACT,0
617732,RDA,0
617771,REF,0
618828,ACT,14
618844,RDA,14
619941,ACT,15
619957,RDA,15
621055,ACT,15
621071,RDA,15
622170,ACT,15
622186,RDA,15
622440,REF,0
623286,ACT,15
623302,RDA,15
624403,ACT,15
624419,RDA,15
625521,ACT,0
625537,RDA,0
626640,ACT,0
626656,RDA,0
627120,REF,0
627760,ACT,3
627776,RDA,3
628881,ACT,9
628897,RDA,9
630003,ACT,15
630019,RDA,15
631126,ACT,0
631142,RDA,0
631800,REF,0
632250,ACT,15
632266,RDA,15
633375,ACT,15
633391,RDA,15
634501,ACT,0
634517,RDA,0
635628,ACT,0
635644,RDA,0
636480,REF,0
636793,ACT,0
636809,RDA,0
637885,ACT,15
637901,RDA,15
639015,ACT,15
639031,RDA,15
640146,ACT,15
640162,RDA,15
641160,REF,0
641473,ACT,0
641489,RDA,0
642411,ACT,12
642427,RDA,12
643545,ACT,4
643561,RDA,4
644680,ACT,2
644696,RDA,2
645816,ACT,9
645832,RDA,9
645871,REF,0
646953,ACT,4
646969,RDA,4
648091,ACT,15
648107,RDA,15
649230,ACT,0
649246,RDA,0
650370,ACT,0
650386,RDA,0
650520,REF,0
651511,ACT,0
651527,RDA,0
652653,ACT,0
652669,RDA,0
653796,ACT,15
653812,RDA,15
654940,ACT,0
654956,RDA,0
655200,REF,0
656085,ACT,0
656101,RDA,0
657231,ACT,0
657247,RDA,0
658378,ACT,0
658394,RDA,0
659526,ACT,15
659542,RDA,15
659880,REF,0
660675,ACT,0
660691,RDA,0
661825,ACT,0
661841,RDA,0
662976,ACT,0
662992,RDA,0
664128,ACT,0
664144,WRA,0
664560,REF,0
665281,ACT,12
665297,RDA,12
666435,ACT,15
666451,RDA,15
667590,ACT,0
667606,RDA,0
668746,ACT,0
668762,RDA,0
669240,REF,0
669903,ACT,0
669919,RDA,0
671061,ACT,0
671077,RDA,0
672220,ACT,15
672236,RDA,15
673380,ACT,0
673396,RDA,0
673920,REF,0
674541,ACT,0
674557,RDA,0
675703,ACT,15
675719,RDA,15
676866,ACT,0
676882,RDA,0
678030,ACT,15
678046,RDA,15
678600,REF,0
679195,ACT,0
679211,RDA,0
680361,ACT,15
680377,RDA,15
681528,ACT,0
681544,RDA,0
682696,ACT,0
682712,RDA,0
683280,REF,0
683865,ACT,15
683881,RDA,15
685035,ACT,15
685051,RDA,15
686206,ACT,0
686222,RDA,0
687378,ACT,15
687394,RDA,15
687960,REF,0
688551,ACT,0
688567,RDA,0
689725,ACT,15
689741,RDA,15
690900,ACT,0
690916,RDA,0
692076,ACT,0
692092,RDA,0
692640,REF,0
693253,ACT,15
693269,RDA,15
694431,ACT,0
694447,RDA,0
695610,ACT,0
695626,RDA,0
696790,ACT,0
696806,RDA,0
697320,REF,0
697971,ACT,0
697987,RDA,0
699153,ACT,0
699169,RDA,0
700336,ACT,0
700352,RDA,0
701520,ACT,15
701536,RDA,15
702000,REF,0
702705,ACT,0
702721,RDA,0
703891,ACT,15
703907,RDA,15
705078,ACT,0
705094,RDA,0
706266,ACT,0
706282,RDA,0
706680,REF,0
707455,ACT,0
707471,RDA,0
708645,ACT,0
708661,RDA,0
709836,ACT,15
709852,RDA,15
711028,ACT,0
711044,RDA,0
711360,REF,0
712221,ACT,0
712237,RDA,0
713415,ACT,0
713431,RDA,0
714610,ACT,15
714626,RDA,15
715806,ACT,0
715822,RDA,0
716040,REF,0
717003,ACT,15
717019,RDA,15
718201,ACT,0
718217,RDA,0
719400,ACT,15
719416,RDA,15
720600,ACT,0
720616,RDA,0
720720,REF,0
721801,ACT,15
721817,RDA,15
723003,ACT,0
723019,RDA,0
724206,ACT,15
724222,RDA,15
725400,REF,0
725713,ACT,0
725729,RDA,0
726615,ACT,0
726631,RDA,0
727821,ACT,0
727837,RDA,0
729028,ACT,0
729044,RDA,0
730080,REF,0
730393,ACT,15
730409,RDA,15
731445,ACT,0
731461,RDA,0
732655,ACT,15
732671,RDA,15
733866,ACT,0
733882,RDA,0
734760,REF,0
735078,ACT,0
735094,RDA,0
736291,ACT,0
736307,RDA,0
737505,ACT,15
737521,RDA,15
738720,ACT,0
738736,RDA,0
739440,REF,0
739936,ACT,15
739952,RDA,15
741153,ACT,0
741169,RDA,0
742371,ACT,0
742387,RDA,0
743590,ACT,0
743606,RDA,0
744120,REF,0
744810,ACT,15
744826,RDA,15
746031,ACT,0
746047,RDA,0
747253,ACT,15
747269,RDA,15
748476,ACT,0
748492,RDA,0
748800,REF,0
749700,ACT,15
749716,RDA,15
750925,ACT,15
750941,RDA,15
752151,ACT,0
752167,RDA,0
753378,ACT,0
753394,RDA,0
753480,REF,0
754606,ACT,15
754622,RDA,15
755835,ACT,15
755851,RDA,15
757065,ACT,0
757081,RDA,0
758160,REF,0
758473,ACT,15
758489,RDA,15
759528,ACT,15
759544,RDA,15
760761,ACT,0
760777,RDA,0
761995,ACT,0
762011,RDA,0
762840,REF,0
763230,ACT,15
763246,RDA,15
764466,ACT,15
764482,RDA,15
765703,ACT,0
765719,RDA,0
766941,ACT,0
766957,RDA,0
767520,REF,0
768180,ACT,15
768196,RDA,15
769420,ACT,0
769436,RDA,0
770661,ACT,0
770677,RDA,0
771903,ACT,2
771919,WRA,2
772200,REF,0
773146,ACT,0
773162,WRA,0
774390,ACT,0
774406,WRA,0
775635,ACT,15
775651,WRA,15
776880,REF,0
777193,ACT,0
777209,WRA,0
778128,ACT,0
778144,WRA,0
779376,ACT,15
779392,WRA,15
780625,ACT,0
780641,WRA,0
781560,REF,0
781875,ACT,0
781891,WRA,0
783126,ACT,0
783142,WRA,0
784378,ACT,13
784394,RDA,13
785631,ACT,15
785647,RDA,15
786240,REF,0
786885,ACT,0
786901,RDA,0
788140,ACT,0
788156,RDA,0
789396,ACT,0
789412,RDA,0
790653,ACT,2
790669,WRA,2
790920,REF,0
791911,ACT,15
791927,WRA,15
793170,ACT,0
793186,WRA,0
794430,ACT,0
794446,WRA,0
795600,REF,0
795913,ACT,0
795929,WRA,0
796953,ACT,0
796969,WRA,0
798216,ACT,0
798232,WRA,0
799480,ACT,0
799496,WRA,0
800280,REF,0
800745,ACT,0
800761,WRA,0
802011,ACT,0
802027,WRA,0
803278,ACT,0
803294,WRA,0
804546,ACT,0
804562,WRA,0
804960,REF,0
805815,ACT,15
805831,WRA,15
807085,ACT,0
807101,WRA,0
808356,ACT,0
808372,WRA,0
809628,ACT,0
809644,WRA,0
809698,REF,0
810901,ACT,0
810917,WRA,0
812175,ACT,0
812191,WRA,0
813450,ACT,15
813466,WRA,15
814320,REF,0
814726,ACT,0
814742,WRA,0
816003,ACT,0
816019,WRA,0
817281,ACT,15
817297,WRA,15
818560,ACT,0
818576,WRA,0
819000,REF,0
819840,ACT,0
819856,WRA,0
821121,ACT,0
821137,WRA,0
822403,ACT,0
822419,WRA,0
823680,REF,0
823993,ACT,0
824009,WRA,0
824970,ACT,0
824986,WRA,0
826255,ACT,0
826271,WRA,0
827541,ACT,0
827557,WRA,0
828360,REF,0
828828,ACT,0
828844,WRA,0
830116,ACT,0
830132,WRA,0
831405,ACT,15
831421,WRA,15
832695,ACT,0
832711,WRA,0
833040,REF,0
833986,ACT,0
834002,WRA,0
835278,ACT,15
835294,WRA,15
836571,ACT,0
836587,WRA,0
837720,REF,0
838033,ACT,0
838049,WRA,0
839160,ACT,0
839176,WRA,0
840456,ACT,0
840472,WRA,0
841753,ACT,0
841769,WRA,0
842400,REF,0
843051,ACT,15
843067,WRA,15
844350,ACT,15
844366,WRA,15
845650,ACT,15
845666,WRA,15
846951,ACT,15
846967,WRA,15
847080,REF,0
848253,ACT,15
848269,WRA,15
849556,ACT,15
849572,WRA,15
850860,ACT,15
850876,WRA,15
851760,REF,0
852165,ACT,15
852181,WRA,15
853471,ACT,15
853487,WRA,15
854778,ACT,15
854794,WRA,15
856086,ACT,15
856102,WRA,15
856440,REF,0
857395,ACT,13
857411,RDA,13
858705,ACT,0
858721,RDA,0
860016,ACT,15
860032,RDA,15
861120,REF,0
861433,ACT,0
861449,RDA,0
862641,ACT,2
862657,WRA,2
863955,ACT,0
863971,WRA,0
865270,ACT,15
865286,WRA,15
865800,REF,0
866586,ACT,15
866602,WRA,15
867903,ACT,15
867919,WRA,15
869221,ACT,13
869237,RDA,13
870480,REF,0
870793,ACT,15
870809,RDA,15
871860,ACT,0
871876,RDA,0
873181,ACT,15
873197,RDA,15
874503,ACT,15
874519,RDA,15
875160,REF,0
875826,ACT,0
875842,RDA,0
877150,ACT,0
877166,RDA,0
878475,ACT,15
878491,RDA,15
879801,ACT,0
879817,RDA,0
879856,REF,0
881128,ACT,0
881144,RDA,0
882456,ACT,15
882472,RDA,15
883785,ACT,15
883801,RDA,15
884520,REF,0
885115,ACT,15
885131,RDA,15
886446,ACT,0
886462,RDA,0
887778,ACT,0
887794,RDA,0
889111,ACT,15
889127,RDA,15
889200,REF,0
890445,ACT,15
890461,RDA,15
891780,ACT,0
891796,RDA,0
893116,ACT,15
893132,RDA,15
893880,REF,0
894453,ACT,15
894469,RDA,15
895791,ACT,0
895807,RDA,0
897130,ACT,0
897146,RDA,0
898470,ACT,15
898486,RDA,15
898560,REF,0
899811,ACT,0
899827,RDA,0
901153,ACT,0
901169,RDA,0
902496,ACT,0
902512,RDA,0
903240,REF,0
903840,ACT,15
903856,RDA,15
905185,ACT,0
905201,RDA,0
906531,ACT,15
906547,RDA,15
907878,ACT,0
907894,RDA,0
907933,REF,0
909226,ACT,15
909242,RDA,15
910575,ACT,0
910591,RDA,0
911925,ACT,15
911941,RDA,15
912600,REF,0
913276,ACT,0
913292,RDA,0
914628,ACT,0
914644,RDA,0
915981,ACT,0
915997,RDA,0
917280,REF,0
917593,ACT,15
917609,RDA,15
918690,ACT,0
918706,RDA,0
920046,ACT,15
920062,RDA,15
921403,ACT,15
921419,RDA,15
921960,REF,0
922761,ACT,0
922777,RDA,0
924120,ACT,0
924136,RDA,0
925480,ACT,15
925496,RDA,15
926640,REF,0
926953,ACT,0
926969,RDA,0
928203,ACT,0
928219,RDA,0
929566,ACT,15
929582,RDA,15
930930,ACT,0
930946,RDA,0
931320,REF,0
932295,ACT,0
932311,RDA,0
933661,ACT,0
933677,RDA,0
935028,ACT,0
935044,RDA,0
936000,REF,0
936396,ACT,0
936412,RDA,0
937765,ACT,15
937781,RDA,15
939135,ACT,0
939151,RDA,0
940506,ACT,3
940522,WRA,3
940680,REF,0
941878,ACT,13
941894,RDA,13
943251,ACT,15
943267,RDA,15
944625,ACT,0
944641,RDA,0
945360,REF,0
946000,ACT,0
946016,RDA,0
947376,ACT,15
947392,RDA,15
948753,ACT,0
948769,RDA,0
950040,REF,0
950353,ACT,15
950369,RDA,15
951510,ACT,15
951526,RDA,15
952890,ACT,0
952906,RDA,0
954271,ACT,0
954287,RDA,0
954720,REF,0
955653,ACT,15
955669,RDA,15
957036,ACT,0
957052,RDA,0
958420,ACT,0
958436,RDA,0
959400,REF,0
959805,ACT,15
959821,RDA,15
961191,ACT,0
961207,RDA,0
962578,ACT,15
962594,RDA,15
963966,ACT,0
963982,RDA,0
964080,REF,0
965355,ACT,15
965371,RDA,15
966745,ACT,0
966761,RDA,0
968136,ACT,15
968152,RDA,15
968760,REF,0
969528,ACT,0
969544,RDA,0
970921,ACT,0
970937,RDA,0
972315,ACT,2
972331,WRA,2
973440,REF,0
973753,ACT,13
973769,RDA,13
975106,ACT,15
975122,RDA,15
976503,ACT,0
976519,RDA,0
977901,ACT,0
977917,RDA,0
978120,REF,0
979300,ACT,0
979316,RDA,0
980700,ACT,15
980716,RDA,15
982101,ACT,0
982117,RDA,0
982800,REF,0
983503,ACT,15
983519,RDA,15
984906,ACT,15
984922,RDA,15
986310,ACT,0
986326,RDA,0
987480,REF,0
987793,ACT,15
987809,RDA,15
989121,ACT,0
989137,RDA,0
990528,ACT,15
990544,RDA,15
991936,ACT,0
991952,RDA,0
992160,REF,0
993345,ACT,0
993361,RDA,0
994755,ACT,15
994771,RDA,15
996166,ACT,0
996182,RDA,0
996840,REF,0
997578,ACT,0
997594,RDA,0
998991,ACT,15
999007,RDA,15
1000405,ACT,0
1000421,RDA,0
1001520,REF,0
1001833,ACT,15
1001849,RDA,15
1003236,ACT,15
1003252,RDA,15
1004653,ACT,0
1004669,RDA,0
1006071,ACT,15
1006087,RDA,15
1006200,REF,0
1007490,ACT,15
1007506,RDA,15
1008910,ACT,0
1008926,RDA,0
1010331,ACT,15
1010347,RDA,15
1010880,REF,0
1011753,ACT,15
1011769,RDA,15
1013176,ACT,0
1013192,RDA,0
1014600,ACT,0
1014616,RDA,0
1015560,REF,0
1016025,ACT,0
1016041,RDA,0
1017451,ACT,15
1017467,RDA,15
1018878,ACT,0
1018894,RDA,0
1020240,REF,0
1020553,ACT,0
1020569,RDA,0
1021735,ACT,0
1021751,RDA,0
1023165,ACT,15
1023181,RDA,15
1024596,ACT,0
1024612,RDA,0
1024920,REF,0
1026028,ACT,15
1026044,RDA,15
1027461,ACT,15
1027477,RDA,15
1028895,ACT,0
1028911,RDA,0
1029600,REF,0
1030330,ACT,0
1030346,RDA,0
1031766,ACT,15
1031782,RDA,15
1033203,ACT,0
1033219,RDA,0
1034280,REF,0
1034641,ACT,15
1034657,RDA,15
1036080,ACT,0
1036096,RDA,0
1037520,ACT,0
1037536,RDA,0
1038960,REF,0
1039273,ACT,15
1039289,RDA,15
1040403,ACT,0
1040419,RDA,0
1041846,ACT,0
1041862,RDA,0
1043290,ACT,0
1043306,RDA,0
1043640,REF,0
1044735,ACT,15
1044751,RDA,15
1046181,ACT,0
1046197,RDA,0
1047628,ACT,15
1047644,RDA,15
1048320,REF,0
1049076,ACT,0
1049092,RDA,0
1050525,ACT,15
1050541,RDA,15
1051975,ACT,0
1051991,RDA,0
1053000,REF,0
1053426,ACT,3
1053442,WRA,3
1054878,ACT,12
1054894,RDA,12
1056331,ACT,15
1056347,RDA,15
1057680,REF,0
1057993,ACT,0
1058009,RDA,0
1059240,ACT,15
1059256,RDA,15
1060696,ACT,0
1060712,RDA,0
1062153,ACT,15
1062169,RDA,15
1062360,REF,0
1063611,ACT,0
1063627,RDA,0
1065070,ACT,15
1065086,RDA,15
1066530,ACT,0
1066546,RDA,0
1067040,REF,0
1067991,ACT,15
1068007,RDA,15
1069453,ACT,15
1069469,RDA,15
1070916,ACT,15
1070932,RDA,15
1071720,REF,0
1072380,ACT,15
1072396,RDA,15
1073845,ACT,0
1073861,RDA,0
1075311,ACT,0
1075327,RDA,0
1076400,REF,0
1076778,ACT,15
1076794,RDA,15
1078246,ACT,0
1078262,RDA,0
1079715,ACT,15
1079731,RDA,15
1081080,REF,0
1081393,ACT,0
1081409,RDA,0
1082656,ACT,15
1082672,RDA,15
1084128,ACT,0
1084144,RDA,0
1085601,ACT,0
1085617,RDA,0
1085760,REF,0
1087075,ACT,0
1087091,RDA,0
1088550,ACT,0
1088566,RDA,0
1090026,ACT,0
1090042,RDA,0
1090440,REF,0
1091503,ACT,15
1091519,RDA,15
1092981,ACT,0
1092997,RDA,0
1094460,ACT,0
1094476,RDA,0
1095120,REF,0
1095940,ACT,0
1095956,RDA,0
1097421,ACT,15
1097437,RDA,15
1098903,ACT,0
1098919,RDA,0
1099800,REF,0
1100386,ACT,0
1100402,RDA,0
1101870,ACT,0
1101886,RDA,0
1103355,ACT,15
1103371,RDA,15
1104480,REF,0
1104841,ACT,0
1104857,RDA,0
1106328,ACT,15
1106344,RDA,15
1107816,ACT,0
1107832,RDA,0
1109160,REF,0
1109473,ACT,0
1109489,RDA,0
1110795,ACT,0
1110811,RDA,0
1112286,ACT,15
1112302,RDA,15
1113778,ACT,0
1113794,RDA,0
1113840,REF,0
1115271,ACT,15
1115287,RDA,15
1116765,ACT,0
1116781,RDA,0
1118260,ACT,15
1118276,RDA,15
1118520,REF,0
1119756,ACT,0
1119772,RDA,0
1121253,ACT,15
1121269,RDA,15
1122751,ACT,0
1122767,RDA,0
1123200,REF,0
1124250,ACT,0
1124266,RDA,0
1125750,ACT,15
1125766,RDA,15
1127251,ACT,0
1127267,RDA,0
1127880,REF,0
1128753,ACT,0
1128769,RDA,0
1130256,ACT,15
1130272,RDA,15
1131760,ACT,15
1131776,RDA,15
1132560,REF,0
1133265,ACT,15
1133281,RDA,15
1134771,ACT,0
1134787,RDA,0
1136278,ACT,0
1136294,RDA,0
1137240,REF,0
1137786,ACT,15
1137802,RDA,15
1139295,ACT,0
1139311,RDA,0
1140805,ACT,15
1140821,RDA,15
1141920,REF,0
1142316,ACT,15
1142332,RDA,15
1143828,ACT,15
1143844,RDA,15
1145341,ACT,15
1145357,RDA,15
1146600,REF,0
1146913,ACT,0
1146929,RDA,0
1148370,ACT,0
1148386,RDA,0
1149886,ACT,0
1149902,RDA,0
1151280,REF,0
1151593,ACT,0
1151609,RDA,0
1152921,ACT,15
1152937,RDA,15
1154440,ACT,0
1154456,RDA,0
1155960,REF,0
1156273,ACT,15
1156289,RDA,15
1157481,ACT,0
1157497,RDA,0
1159003,ACT,0
1159019,RDA,0
1160526,ACT,15
1160542,RDA,15
1160640,REF,0
1162050,ACT,0
1162066,RDA,0
1163575,ACT,0
1163591,RDA,0
1165101,ACT,0
1165117,RDA,0
1165320,REF,0
1166628,ACT,15
1166644,RDA,15
1168156,ACT,0
1168172,RDA,0
1169685,ACT,0
1169701,RDA,0
1170000,REF,0
1171215,ACT,0
1171231,RDA,0
1172746,ACT,0
1172762,RDA,0
1174278,ACT,15
1174294,RDA,15
1174680,REF,0
1175811,ACT,0
1175827,RDA,0
1177345,ACT,0
1177361,RDA,0
1178880,ACT,15
1178896,RDA,15
1179360,REF,0
1180416,ACT,0
1180432,RDA,0
1181953,ACT,15
1181969,RDA,15
1183491,ACT,0
1183507,RDA,0
1184040,REF,0
1185030,ACT,0
1185046,RDA,0
1186570,ACT,15
1186586,RDA,15
1188111,ACT,0
1188127,RDA,0
1188720,REF,0
1189653,ACT,0
1189669,RDA,0
1191196,ACT,15
1191212,RDA,15
1192740,ACT,0
1192756,RDA,0
1193400,REF,0
1194285,ACT,0
1194301,RDA,0
1195831,ACT,0
1195847,RDA,0
1197378,ACT,0
1197394,RDA,0
1198080,REF,0
1198926,ACT,15
1198942,RDA,15
1200475,ACT,0
1200491,RDA,0
1202025,ACT,0
1202041,RDA,0
1202760,REF,0
1203576,ACT,0
1203592,RDA,0
1205128,ACT,15
1205144,RDA,15
1206681,ACT,0
1206697,RDA,0
1207440,REF,0
1208235,ACT,0
1208251,RDA,0
1209790,ACT,0
1209806,RDA,0
1211346,ACT,0
1211362,RDA,0
1212120,REF,0
1212903,ACT,15
1212919,RDA,15
1214461,ACT,0
1214477,RDA,0
1216020,ACT,15
1216036,RDA,15
1216800,REF,0
1217580,ACT,0
1217596,RDA,0
1219141,ACT,15
1219157,RDA,15
1220703,ACT,15
1220719,RDA,15
1221480,REF,0
1222266,ACT,15
1222282,RDA,15
1223830,ACT,0
1223846,RDA,0
1225395,ACT,0
1225411,RDA,0
1226160,REF,0
1226961,ACT,15
1226977,RDA,15
1228528,ACT,0
1228544,RDA,0
1230096,ACT,0
1230112,RDA,0
1230840,REF,0
1231665,ACT,0
1231681,RDA,0
1233235,ACT,0
1233251,RDA,0
1234806,ACT,15
1234822,RDA,15
1235520,REF,0
1236378,ACT,0
1236394,RDA,0
1237951,ACT,15
1237967,RDA,15
1239525,ACT,0
1239541,RDA,0
1240200,REF,0
1241100,ACT,15
1241116,RDA,15
1242676,ACT,15
1242692,RDA,15
1244253,ACT,0
1244269,RDA,0
1244880,REF,0
1245831,ACT,0
1245847,RDA,0
1247410,ACT,0
1247426,RDA,0
1248990,ACT,15
1249006,RDA,15
1249560,REF,0
1250571,ACT,0
1250587,RDA,0
1252153,ACT,0
1252169,RDA,0
1253736,ACT,15
1253752,RDA,15
1254240,REF,0
1255320,ACT,0
1255336,RDA,0
1256905,ACT,0
1256921,RDA,0
1258491,ACT,15
1258507,RDA,15
1258920,REF,0
1260078,ACT,0
1260094,RDA,0
1261666,ACT,0
1261682,RDA,0
1263255,ACT,0
1263271,RDA,0
1263600,REF,0
1264845,ACT,0
1264861,RDA,0
1266436,ACT,15
1266452,RDA,15
1268028,ACT,0
1268044,RDA,0
1268280,REF,0
1269621,ACT,0
1269637,RDA,0
1271215,ACT,15
1271231,RDA,15
1272810,ACT,0
1272826,RDA,0
1272960,REF,0
1274406,ACT,15
1274422,RDA,15
1276003,ACT,0
1276019,RDA,0
1277601,ACT,0
1277617,RDA,0
1277656,REF,0
1279200,ACT,15
1279216,RDA,15
1280800,ACT,0
1280816,RDA,0
1282320,REF,0
1282633,ACT,15
1282649,RDA,15
1284003,ACT,0
1284019,RDA,0
1285606,ACT,0
1285622,RDA,0
1287000,REF,0
1287313,ACT,15
1287329,RDA,15
1288815,ACT,0
1288831,RDA,0
1290421,ACT,15
1290437,RDA,15
1291680,REF,0
1292028,ACT,15
1292044,RDA,15
1293636,ACT,0
1293652,RDA,0
1295245,ACT,0
1295261,RDA,0
1296360,REF,0
1296855,ACT,15
1296871,RDA,15
1298466,ACT,0
1298482,RDA,0
1300078,ACT,0
1300094,RDA,0
1301040,REF,0
1301691,ACT,0
1301707,RDA,0
1303305,ACT,0
1303321,RDA,0
1304920,ACT,15
1304936,RDA,15
1305720,REF,0
1306536,ACT,0
1306552,RDA,0
1308153,ACT,15
1308169,RDA,15
1309771,ACT,15
1309787,RDA,15
1310400,REF,0
1311390,ACT,0
1311406,RDA,0
1313010,ACT,15
1313026,RDA,15
1314631,ACT,15
1314647,RDA,15
1315080,REF,0
1316253,ACT,0
1316269,RDA,0
1317876,ACT,15
1317892,RDA,15
1319500,ACT,15
1319516,RDA,15
1319760,REF,0
1321125,ACT,0
1321141,RDA,0
1322751,ACT,1
1322767,RDA,1
1324378,ACT,15
1324394,RDA,15
1324440,REF,0
1326006,ACT,0
1326022,RDA,0
1327635,ACT,14
1327651,RDA,14
1329120,REF,0
1329433,ACT,1
1329449,RDA,1
1330896,ACT,0
1330912,RDA,0
1332528,ACT,14
1332544,RDA,14
1333800,REF,0
1334161,ACT,15
1334177,RDA,15
1335795,ACT,0
1335811,RDA,0
1337430,ACT,0
1337446,RDA,0
1338480,REF,0
1339066,ACT,0
1339082,RDA,0
1340703,ACT,15
1340719,RDA,15
1342341,ACT,0
1342357,RDA,0
1343160,REF,0
1343980,ACT,0
1343996,RDA,0
1345620,ACT,15
1345636,RDA,15
1347261,ACT,0
1347277,RDA,0
1347840,REF,0
1348903,ACT,0
1348919,RDA,0
1350546,ACT,15
1350562,RDA,15
1352190,ACT,15
1352206,RDA,15
1352520,REF,0
1353835,ACT,0
1353851,RDA,0
1355481,ACT,0
1355497,RDA,0
1357128,ACT,0
1357144,RDA,0
1357200,REF,0
1358776,ACT,1
1358792,RDA,1
1360425,ACT,15
1360441,RDA,15
1361880,REF,0
1362193,ACT,0
1362209,RDA,0
1363726,ACT,0
1363742,RDA,0
1365378,ACT,15
1365394,RDA,15
1366560,REF,0
1367031,ACT,0
1367047,RDA,0
1368685,ACT,15
1368701,RDA,15
1370340,ACT,15
1370356,RDA,15
1371240,REF,0
1371996,ACT,1
1372012,RDA,1
1373653,ACT,0
1373669,RDA,0
1375311,ACT,14
1375327,RDA,14
1375920,REF,0
1376970,ACT,15
1376986,RDA,15
1378630,ACT,0
1378646,RDA,0
1380291,ACT,0
1380307,RDA,0
1380600,REF,0
1381953,ACT,0
1381969,RDA,0
1383616,ACT,15
1383632,RDA,15
1385280,REF,0
1385593,ACT,15
1385609,RDA,15
1386945,ACT,0
1386961,RDA,0
1388611,ACT,0
1388627,RDA,0
1389960,REF,0
1390278,ACT,15
1390294,RDA,15
1391946,ACT,0
1391962,RDA,0
1393615,ACT,15
1393631,RDA,15
1394640,REF,0
1395285,ACT,15
1395301,RDA,15
1396956,ACT,0
1396972,RDA,0
1398628,ACT,0
1398644,RDA,0
1399320,REF,0
1400301,ACT,15
1400317,RDA,15
1401975,ACT,15
1401991,RDA,15
1403650,ACT,0
1403666,RDA,0
1404000,REF,0
1405326,ACT,0
1405342,RDA,0
1407003,ACT,15
1407019,RDA,15
1408680,REF,0
1408993,ACT,15
1409009,RDA,15
1410360,ACT,0
1410376,RDA,0
1412040,ACT,0
1412056,RDA,0
1413360,REF,0
1413721,ACT,15
1413737,RDA,15
1415403,ACT,0
1415419,RDA,0
1417086,ACT,15
1417102,RDA,15
1418040,REF,0
1418770,ACT,0
1418786,RDA,0
1420455,ACT,0
1420471,RDA,0
1422141,ACT,0
1422157,RDA,0
1422720,REF,0
1423828,ACT,15
1423844,RDA,15
1425516,ACT,15
1425532,RDA,15
1427205,ACT,0
1427221,RDA,0
1427400,REF,0
1428895,ACT,15
1428911,RDA,15
1430586,ACT,0
1430602,RDA,0
1432080,REF,0
1432393,ACT,0
1432409,RDA,0
1433971,ACT,0
1433987,RDA,0
1435665,ACT,15
1435681,RDA,15
1436760,REF,0
1437360,ACT,0
1437376,RDA,0
1439056,ACT,0
1439072,RDA,0
1440753,ACT,15
1440769,RDA,15
1441440,REF,0
1442451,ACT,0
1442467,RDA,0
1444150,ACT,15
1444166,RDA,15
1445850,ACT,0
1445866,RDA,0
1446120,REF,0
1447551,ACT,0
1447567,RDA,0
1449253,ACT,15
1449269,RDA,15
1450800,REF,0
1451113,ACT,0
1451129,RDA,0
1452660,ACT,15
1452676,RDA,15
1454365,ACT,0
1454381,RDA,0
1455480,REF,0
1456071,ACT,0
1456087,RDA,0
1457778,ACT,15
1457794,RDA,15
1459486,ACT,0
1459502,RDA,0
1460160,REF,0
1461195,ACT,0
1461211,RDA,0
1462905,ACT,0
1462921,RDA,0
1464616,ACT,15
1464632,RDA,15
1464840,REF,0
1466328,ACT,0
1466344,RDA,0
1468041,ACT,0
1468057,RDA,0
1469520,REF,0
1469833,ACT,15
1469849,RDA,15
1471470,ACT,15
1471486,RDA,15
1473186,ACT,0
1473202,RDA,0
1474200,REF,0
1474903,ACT,15
1474919,RDA,15
1476621,ACT,15
1476637,RDA,15
1478340,ACT,0
1478356,RDA,0
1478880,REF,0
1480060,ACT,15
1480076,RDA,15
1481781,ACT,15
1481797,RDA,15
1483503,ACT,0
1483519,RDA,0
1483560,REF,0
1485226,ACT,15
1485242,RDA,15
1486950,ACT,15
1486966,RDA,15
1488240,REF,0
1488675,ACT,0
1488691,RDA,0
1490401,ACT,0
1490417,RDA,0
1492128,ACT,15
1492144,RDA,15
1492920,REF,0
1493856,ACT,0
1493872,RDA,0
1495585,ACT,15
1495601,RDA,15
1497315,ACT,0
1497331,RDA,0
1497600,REF,0
1499046,ACT,15
1499062,RDA,15
1500778,ACT,0
1500794,RDA,0
1502280,REF,0
1502593,ACT,15
1502609,RDA,15
1504245,ACT,0
1504261,RDA,0
1505980,ACT,15
1505996,RDA,15
1506960,REF,0
1507716,ACT,0
1507732,RDA,0
1509453,ACT,15
1509469,RDA,15
1511191,ACT,0
1511207,RDA,0
1511640,REF,0
1512930,ACT,0
1512946,RDA,0
1514670,ACT,15
1514686,RDA,15
1516320,REF,0
1516633,ACT,15
1516649,RDA,15
1518153,ACT,0
1518169,RDA,0
1519896,ACT,15
1519912,RDA,15
1521000,REF,0
1521640,ACT,3
1521656,RDA,3
1523385,ACT,12
1523401,RDA,12
1525131,ACT,0
1525147,RDA,0
1525680,REF,0
1526878,ACT,3
1526894,RDA,3
1528626,ACT,0
1528642,RDA,0
1530360,REF,0
1530673,ACT,12
1530689,RDA,12
1532125,ACT,0
1532141,RDA,0
1533876,ACT,15
1533892,RDA,15
1535040,REF,0
1535628,ACT,15
1535644,RDA,15
1537381,ACT,0
1537397,RDA,0
1539135,ACT,0
1539151,RDA,0
1539720,REF,0
1540890,ACT,15
1540906,RDA,15
1542646,ACT,0
1542662,RDA,0
1544400,REF,0
1544713,ACT,15
1544729,RDA,15
1546161,ACT,15
1546177,RDA,15
1547920,ACT,15
1547936,RDA,15
1549080,REF,0
1549680,ACT,0
1549696,RDA,0
1551441,ACT,15
1551457,RDA,15
1553203,ACT,0
1553219,RDA,0
1553760,REF,0
1554966,ACT,15
1554982,RDA,15
1556730,ACT,0
1556746,RDA,0
1558440,REF,0
1558753,ACT,0
1558769,RDA,0
1560261,ACT,0
1560277,RDA,0
1562028,ACT,15
1562044,RDA,15
1563120,REF,0
1563796,ACT,15
1563812,RDA,15
1565565,ACT,0
1565581,RDA,0
1567335,ACT,15
1567351,RDA,15
1567800,REF,0
1569106,ACT,0
1569122,RDA,0
1570878,ACT,15
1570894,RDA,15
1572480,REF,0
1572793,ACT,15
1572809,RDA,15
1574425,ACT,0
1574441,RDA,0
1576200,ACT,15
1576216,RDA,15
1577160,REF,0
1577976,ACT,0
1577992,RDA,0
1579753,ACT,15
1579769,RDA,15
1581531,ACT,0
1581547,RDA,0
1581840,REF,0
1583310,ACT,0
1583326,RDA,0
1585090,ACT,15
1585106,RDA,15
1586520,REF,0
1586871,ACT,0
1586887,RDA,0
1588653,ACT,15
1588669,RDA,15
1590436,ACT,0
1590452,RDA,0
1591200,REF,0
1592220,ACT,0
1592236,RDA,0
1594005,ACT,15
1594021,RDA,15
1595791,ACT,15
1595807,RDA,15
1595880,REF,0
1597578,ACT,0
1597594,RDA,0
1599366,ACT,15
1599382,RDA,15
1600560,REF,0
1601155,ACT,0
1601171,RDA,0
1602945,ACT,0
1602961,RDA,0
1604736,ACT,15
1604752,RDA,15
1605240,REF,0
1606528,ACT,0
1606544,RDA,0
1608321,ACT,15
1608337,RDA,15
1609920,REF,0
1610233,ACT,0
1610249,RDA,0
1611910,ACT,0
1611926,RDA,0
1613706,ACT,15
1613722,RDA,15
1614600,REF,0
1615503,ACT,0
1615519,RDA,0
1617301,ACT,15
1617317,RDA,15
1619100,ACT,0
1619116,RDA,0
1619280,REF,0
1620900,ACT,0
1620916,RDA,0
1622701,ACT,15
1622717,RDA,15
1623960,REF,0
1624503,ACT,15
1624519,RDA,15
1626306,ACT,0
1626322,RDA,0
1628110,ACT,15
1628126,RDA,15
1628640,REF,0
1629915,ACT,0
1629931,RDA,0
1631721,ACT,0
1631737,RDA,0
1633320,REF,0
1633633,ACT,15
1633649,RDA,15
1635336,ACT,0
1635352,RDA,0
1637145,ACT,0
1637161,RDA,0
1638000,REF,0
1638955,ACT,15
1638971,RDA,15
1640766,ACT,0
1640782,RDA,0
1642578,ACT,0
1642594,RDA,0
1642680,REF,0
1644391,ACT,15
1644407,RDA,15
1646205,ACT,0
1646221,RDA,0
1647360,REF,0
1648020,ACT,0
1648036,RDA,0
1649836,ACT,15
1649852,RDA,15
1651653,ACT,0
1651669,RDA,0
1652040,REF,0
1653471,ACT,15
1653487,RDA,15
1655290,ACT,15
1655306,RDA,15
1656720,REF,0
1657110,ACT,15
1657126,RDA,15
1658931,ACT,0
1658947,RDA,0
1660753,ACT,15
1660769,RDA,15
1661400,REF,0
1662576,ACT,0
1662592,RDA,0
1664400,ACT,0
1664416,RDA,0
1666080,REF,0
1666393,ACT,15
1666409,RDA,15
1668051,ACT,0
1668067,RDA,0
1669878,ACT,0
1669894,RDA,0
1670760,REF,0
1671706,ACT,15
1671722,RDA,15
1673535,ACT,15
1673551,RDA,15
1675365,ACT,0
1675381,RDA,0
1675440,REF,0
1677196,ACT,15
1677212,RDA,15
1679028,ACT,0
1679044,RDA,0
1680120,REF,0
1680861,ACT,0
1680877,RDA,0
1682695,ACT,0
1682711,RDA,0
1684530,ACT,0
1684546,RDA,0
1684800,REF,0
1686366,ACT,0
1686382,RDA,0
1688203,ACT,0
1688219,RDA,0
1689480,REF,0
1690041,ACT,15
1690057,RDA,15
1691880,ACT,0
1691896,RDA,0
1693720,ACT,15
1693736,RDA,15
1694160,REF,0
1695561,ACT,15
1695577,RDA,15
1697403,ACT,0
1697419,RDA,0
1698840,REF,0
1699246,ACT,15
1699262,RDA,15
1701090,ACT,2
1701106,RDA,2
1702935,ACT,13
1702951,RDA,13
1703520,REF,0
1704781,ACT,2
1704797,RDA,2
1706628,ACT,13
1706644,RDA,13
1708200,REF,0
1708513,ACT,15
1708529,RDA,15
1710325,ACT,0
1710341,RDA,0
1712175,ACT,15
1712191,RDA,15
1712880,REF,0
1714026,ACT,0
1714042,RDA,0
1715878,ACT,0
1715894,RDA,0
1717560,REF,0
1717873,ACT,15
1717889,RDA,15
1719585,ACT,0
1719601,RDA,0
1721440,ACT,0
1721456,RDA,0
1722240,REF,0
1723296,ACT,15
1723312,RDA,15
1725153,ACT,15
1725169,RDA,15
1726920,REF,0
1727233,ACT,15
1727249,RDA,15
1728870,ACT,0
1728886,RDA,0
1730730,ACT,0
1730746,RDA,0
1731600,REF,0
1732591,ACT,15
1732607,RDA,15
1734453,ACT,15
1734469,RDA,15
1736280,REF,0
1736593,ACT,15
1736609,RDA,15
1738180,ACT,0
1738196,RDA,0
1740045,ACT,15
1740061,RDA,15
1740960,REF,0
1741911,ACT,0
1741927,RDA,0
1743778,ACT,15
1743794,RDA,15
1745640,REF,0
1745953,ACT,0
1745969,RDA,0
1747515,ACT,15
1747531,RDA,15
1749385,ACT,14
1749401,RDA,14
1750320,REF,0
1751256,ACT,1
1751272,RDA,1
1753128,ACT,15
1753144,RDA,15
1755000,REF,0
1755313,ACT,14
1755329,RDA,14
1756875,ACT,0
1756891,RDA,0
1758750,ACT,1
1758766,RDA,1
1759680,REF,0
1760626,ACT,15
1760642,RDA,15
1762503,ACT,0
1762519,RDA,0
1764360,REF,0
1764673,ACT,15
1764689,RDA,15
1766260,ACT,0
1766276,RDA,0
1768140,ACT,15
1768156,RDA,15
1769040,REF,0
1770021,ACT,0
1770037,RDA,0
1771903,ACT,0
1771919,RDA,0
1773720,REF,0
1774033,ACT,15
1774049,RDA,15
1775670,ACT,14
1775686,RDA,14
1777555,ACT,1
1777571,RDA,1
1778400,REF,0
1779441,ACT,1
1779457,RDA,1
1781328,ACT,13
1781344,RDA,13
1783080,REF,0
1783393,ACT,0
1783409,RDA,0
1785105,ACT,2
1785121,RDA,2
1786995,ACT,13
1787011,RDA,13
1787760,REF,0
1788886,ACT,0
1788902,RDA,0
1790778,ACT,3
1790794,RDA,3
1792440,REF,0
1792753,ACT,12
1792769,RDA,12
1794565,ACT,15
1794581,RDA,15
1796460,ACT,3
1796476,RDA,3
1797120,REF,0
1798356,ACT,0
1798372,RDA,0
1800253,ACT,15
1800269,RDA,15
1801800,REF,0
1802151,ACT,12
1802167,RDA,12
1804050,ACT,0
1804066,RDA,0
1805950,ACT,3
1805966,RDA,3
1806480,REF,0
1807851,ACT,0
1807867,RDA,0
1809753,ACT,12
1809769,RDA,12
1811160,REF,0
1811656,ACT,0
1811672,RDA,0
1813560,ACT,0
1813576,RDA,0
1815465,ACT,3
1815481,RDA,3
1815840,REF,0
1817371,ACT,12
1817387,RDA,12
1819278,ACT,0
1819294,RDA,0
1820520,REF,0
1821186,ACT,3
1821202,RDA,3
1823095,ACT,0
1823111,RDA,0
1825005,ACT,12
1825021,RDA,12
1825200,REF,0
1826916,ACT,0
1826932,RDA,0
1828828,ACT,0
1828844,RDA,0
1829880,REF,0
1830741,ACT,15
1830757,RDA,15
1832655,ACT,14
1832671,RDA,14
